This file contains any messages produced by compilers while
running configure, to aid debugging if configure makes a mistake.

It was created by faac configure 1.29.9.2, which was
generated by GNU Autoconf 2.69.  Invocation command line was

  $ ./configure --prefix=/home/danale/lgw/Work/Decode-lib/ffmpeg_x264_faac_and_faad/faac/faac-1.29.9.2/arm64_v8a --host=aarch64-linux --target=aarch64-linux

## --------- ##
## Platform. ##
## --------- ##

hostname = danale-pc
uname -m = x86_64
uname -r = 4.15.0-54-generic
uname -s = Linux
uname -v = #58-Ubuntu SMP Mon Jun 24 10:55:24 UTC 2019

/usr/bin/uname -p = unknown
/bin/uname -X     = unknown

/bin/arch              = unknown
/usr/bin/arch -k       = unknown
/usr/convex/getsysinfo = unknown
/usr/bin/hostinfo      = unknown
/bin/machine           = unknown
/usr/bin/oslevel       = unknown
/bin/universe          = unknown

PATH: /usr/local/sbin
PATH: /usr/local/bin
PATH: /usr/sbin
PATH: /usr/bin
PATH: /sbin
PATH: /bin
PATH: /snap/bin


## ----------- ##
## Core tests. ##
## ----------- ##

configure:2572: checking for a BSD-compatible install
configure:2640: result: /usr/bin/install -c
configure:2651: checking whether build environment is sane
configure:2706: result: yes
configure:2765: checking for aarch64-linux-strip
configure:2792: result: /home/danale/Android/android-ndk-r15c/toolchains/aarch64-linux-android-4.9/prebuilt/linux-x86_64/bin/aarch64-linux-android-strip
configure:2857: checking for a thread-safe mkdir -p
configure:2896: result: /bin/mkdir -p
configure:2903: checking for gawk
configure:2933: result: no
configure:2903: checking for mawk
configure:2919: found /usr/bin/mawk
configure:2930: result: mawk
configure:2941: checking whether make sets $(MAKE)
configure:2963: result: yes
configure:2992: checking whether make supports nested variables
configure:3009: result: yes
configure:3161: checking for aarch64-linux-gcc
configure:3188: result: /home/danale/Android/android-ndk-r15c/toolchains/aarch64-linux-android-4.9/prebuilt/linux-x86_64/bin/aarch64-linux-android-gcc --sysroot=/home/danale/Android/android-ndk-r15c/platforms/android-21/arch-arm64
configure:3457: checking for C compiler version
configure:3466: /home/danale/Android/android-ndk-r15c/toolchains/aarch64-linux-android-4.9/prebuilt/linux-x86_64/bin/aarch64-linux-android-gcc --sysroot=/home/danale/Android/android-ndk-r15c/platforms/android-21/arch-arm64 --version >&5
aarch64-linux-android-gcc (GCC) 4.9.x 20150123 (prerelease)
Copyright (C) 2014 Free Software Foundation, Inc.
This is free software; see the source for copying conditions.  There is NO
warranty; not even for MERCHANTABILITY or FITNESS FOR A PARTICULAR PURPOSE.

configure:3477: $? = 0
configure:3466: /home/danale/Android/android-ndk-r15c/toolchains/aarch64-linux-android-4.9/prebuilt/linux-x86_64/bin/aarch64-linux-android-gcc --sysroot=/home/danale/Android/android-ndk-r15c/platforms/android-21/arch-arm64 -v >&5
Using built-in specs.
COLLECT_GCC=/home/danale/Android/android-ndk-r15c/toolchains/aarch64-linux-android-4.9/prebuilt/linux-x86_64/bin/aarch64-linux-android-gcc
COLLECT_LTO_WRAPPER=/home/danale/Android/android-ndk-r15c/toolchains/aarch64-linux-android-4.9/prebuilt/linux-x86_64/bin/../libexec/gcc/aarch64-linux-android/4.9.x/lto-wrapper
Target: aarch64-linux-android
Configured with: /usr/local/google/buildbot/src/android/gcc/toolchain/build/../gcc/gcc-4.9/configure --prefix=/tmp/8ee0b8157b3409c4b84fff35696d6c90 --target=aarch64-linux-android --host=x86_64-linux-gnu --build=x86_64-linux-gnu --with-gnu-as --with-gnu-ld --enable-languages=c,c++ --with-gmp=/buildbot/tmp/build/toolchain/temp-install --with-mpfr=/buildbot/tmp/build/toolchain/temp-install --with-mpc=/buildbot/tmp/build/toolchain/temp-install --with-cloog=/buildbot/tmp/build/toolchain/temp-install --with-isl=/buildbot/tmp/build/toolchain/temp-install --with-ppl=/buildbot/tmp/build/toolchain/temp-install --disable-ppl-version-check --disable-cloog-version-check --disable-isl-version-check --enable-cloog-backend=isl --with-host-libstdcxx='-static-libgcc -Wl,-Bstatic,-lstdc++,-Bdynamic -lm' --disable-libssp --enable-threads --disable-nls --disable-libmudflap --disable-libgomp --disable-libstdc__-v3 --disable-sjlj-exceptions --disable-shared --disable-tls --disable-libitm --enable-bionic-libs --enable-libatomic-ifuncs=no --enable-initfini-array --disable-nls --prefix=/tmp/8ee0b8157b3409c4b84fff35696d6c90 --with-sysroot=/tmp/8ee0b8157b3409c4b84fff35696d6c90/sysroot --with-binutils-version=2.25 --with-mpfr-version=3.1.1 --with-mpc-version=1.0.1 --with-gmp-version=5.0.5 --with-gcc-version=4.9 --with-gdb-version=none --with-gxx-include-dir=/tmp/8ee0b8157b3409c4b84fff35696d6c90/include/c++/4.9.x --with-bugurl=http://source.android.com/source/report-bugs.html --enable-languages=c,c++ --disable-bootstrap --enable-plugins --enable-libgomp --enable-gnu-indirect-function --disable-libsanitizer --enable-gold --enable-ld=default --enable-threads --enable-eh-frame-hdr-for-static --enable-fix-cortex-a53-835769 --enable-graphite=yes --with-isl-version=0.11.1 --with-cloog-version=0.18.0 --program-transform-name='s&^&aarch64-linux-android-&' --enable-gold
Thread model: posix
gcc version 4.9.x 20150123 (prerelease) (GCC) 
configure:3477: $? = 0
configure:3466: /home/danale/Android/android-ndk-r15c/toolchains/aarch64-linux-android-4.9/prebuilt/linux-x86_64/bin/aarch64-linux-android-gcc --sysroot=/home/danale/Android/android-ndk-r15c/platforms/android-21/arch-arm64 -V >&5
aarch64-linux-android-gcc: error: unrecognized command line option '-V'
aarch64-linux-android-gcc: fatal error: no input files
compilation terminated.
configure:3477: $? = 1
configure:3466: /home/danale/Android/android-ndk-r15c/toolchains/aarch64-linux-android-4.9/prebuilt/linux-x86_64/bin/aarch64-linux-android-gcc --sysroot=/home/danale/Android/android-ndk-r15c/platforms/android-21/arch-arm64 -qversion >&5
aarch64-linux-android-gcc: error: unrecognized command line option '-qversion'
aarch64-linux-android-gcc: fatal error: no input files
compilation terminated.
configure:3477: $? = 1
configure:3497: checking whether the C compiler works
configure:3519: /home/danale/Android/android-ndk-r15c/toolchains/aarch64-linux-android-4.9/prebuilt/linux-x86_64/bin/aarch64-linux-android-gcc --sysroot=/home/danale/Android/android-ndk-r15c/platforms/android-21/arch-arm64 -DANDROID -fPIC -DANDROID -fPIC  conftest.c  >&5
configure:3523: $? = 0
configure:3571: result: yes
configure:3574: checking for C compiler default output file name
configure:3576: result: a.out
configure:3582: checking for suffix of executables
configure:3589: /home/danale/Android/android-ndk-r15c/toolchains/aarch64-linux-android-4.9/prebuilt/linux-x86_64/bin/aarch64-linux-android-gcc --sysroot=/home/danale/Android/android-ndk-r15c/platforms/android-21/arch-arm64 -o conftest -DANDROID -fPIC -DANDROID -fPIC  conftest.c  >&5
configure:3593: $? = 0
configure:3615: result: 
configure:3637: checking whether we are cross compiling
configure:3645: /home/danale/Android/android-ndk-r15c/toolchains/aarch64-linux-android-4.9/prebuilt/linux-x86_64/bin/aarch64-linux-android-gcc --sysroot=/home/danale/Android/android-ndk-r15c/platforms/android-21/arch-arm64 -o conftest -DANDROID -fPIC -DANDROID -fPIC  conftest.c  >&5
configure:3649: $? = 0
configure:3656: ./conftest
./configure: line 3658: ./conftest: cannot execute binary file: Exec format error
configure:3660: $? = 126
configure:3675: result: yes
configure:3680: checking for suffix of object files
configure:3702: /home/danale/Android/android-ndk-r15c/toolchains/aarch64-linux-android-4.9/prebuilt/linux-x86_64/bin/aarch64-linux-android-gcc --sysroot=/home/danale/Android/android-ndk-r15c/platforms/android-21/arch-arm64 -c -DANDROID -fPIC -DANDROID -fPIC conftest.c >&5
configure:3706: $? = 0
configure:3727: result: o
configure:3731: checking whether we are using the GNU C compiler
configure:3750: /home/danale/Android/android-ndk-r15c/toolchains/aarch64-linux-android-4.9/prebuilt/linux-x86_64/bin/aarch64-linux-android-gcc --sysroot=/home/danale/Android/android-ndk-r15c/platforms/android-21/arch-arm64 -c -DANDROID -fPIC -DANDROID -fPIC conftest.c >&5
configure:3750: $? = 0
configure:3759: result: yes
configure:3768: checking whether /home/danale/Android/android-ndk-r15c/toolchains/aarch64-linux-android-4.9/prebuilt/linux-x86_64/bin/aarch64-linux-android-gcc --sysroot=/home/danale/Android/android-ndk-r15c/platforms/android-21/arch-arm64 accepts -g
configure:3788: /home/danale/Android/android-ndk-r15c/toolchains/aarch64-linux-android-4.9/prebuilt/linux-x86_64/bin/aarch64-linux-android-gcc --sysroot=/home/danale/Android/android-ndk-r15c/platforms/android-21/arch-arm64 -c -g -DANDROID -fPIC conftest.c >&5
configure:3788: $? = 0
configure:3829: result: yes
configure:3846: checking for /home/danale/Android/android-ndk-r15c/toolchains/aarch64-linux-android-4.9/prebuilt/linux-x86_64/bin/aarch64-linux-android-gcc --sysroot=/home/danale/Android/android-ndk-r15c/platforms/android-21/arch-arm64 option to accept ISO C89
configure:3909: /home/danale/Android/android-ndk-r15c/toolchains/aarch64-linux-android-4.9/prebuilt/linux-x86_64/bin/aarch64-linux-android-gcc --sysroot=/home/danale/Android/android-ndk-r15c/platforms/android-21/arch-arm64  -c -DANDROID -fPIC -DANDROID -fPIC conftest.c >&5
configure:3909: $? = 0
configure:3922: result: none needed
configure:3947: checking whether /home/danale/Android/android-ndk-r15c/toolchains/aarch64-linux-android-4.9/prebuilt/linux-x86_64/bin/aarch64-linux-android-gcc --sysroot=/home/danale/Android/android-ndk-r15c/platforms/android-21/arch-arm64 understands -c and -o together
configure:3969: /home/danale/Android/android-ndk-r15c/toolchains/aarch64-linux-android-4.9/prebuilt/linux-x86_64/bin/aarch64-linux-android-gcc --sysroot=/home/danale/Android/android-ndk-r15c/platforms/android-21/arch-arm64 -c conftest.c -o conftest2.o
configure:3972: $? = 0
configure:3969: /home/danale/Android/android-ndk-r15c/toolchains/aarch64-linux-android-4.9/prebuilt/linux-x86_64/bin/aarch64-linux-android-gcc --sysroot=/home/danale/Android/android-ndk-r15c/platforms/android-21/arch-arm64 -c conftest.c -o conftest2.o
configure:3972: $? = 0
configure:3984: result: yes
configure:4012: checking for style of include used by make
configure:4040: result: GNU
configure:4066: checking dependency style of /home/danale/Android/android-ndk-r15c/toolchains/aarch64-linux-android-4.9/prebuilt/linux-x86_64/bin/aarch64-linux-android-gcc --sysroot=/home/danale/Android/android-ndk-r15c/platforms/android-21/arch-arm64
configure:4177: result: gcc3
configure:4304: checking for C++ compiler version
configure:4313: /home/danale/Android/android-ndk-r15c/toolchains/aarch64-linux-android-4.9/prebuilt/linux-x86_64/bin/aarch64-linux-android-g++ --sysroot=/home/danale/Android/android-ndk-r15c/platforms/android-21/arch-arm64 --version >&5
aarch64-linux-android-g++ (GCC) 4.9.x 20150123 (prerelease)
Copyright (C) 2014 Free Software Foundation, Inc.
This is free software; see the source for copying conditions.  There is NO
warranty; not even for MERCHANTABILITY or FITNESS FOR A PARTICULAR PURPOSE.

configure:4324: $? = 0
configure:4313: /home/danale/Android/android-ndk-r15c/toolchains/aarch64-linux-android-4.9/prebuilt/linux-x86_64/bin/aarch64-linux-android-g++ --sysroot=/home/danale/Android/android-ndk-r15c/platforms/android-21/arch-arm64 -v >&5
Using built-in specs.
COLLECT_GCC=/home/danale/Android/android-ndk-r15c/toolchains/aarch64-linux-android-4.9/prebuilt/linux-x86_64/bin/aarch64-linux-android-g++
COLLECT_LTO_WRAPPER=/home/danale/Android/android-ndk-r15c/toolchains/aarch64-linux-android-4.9/prebuilt/linux-x86_64/bin/../libexec/gcc/aarch64-linux-android/4.9.x/lto-wrapper
Target: aarch64-linux-android
Configured with: /usr/local/google/buildbot/src/android/gcc/toolchain/build/../gcc/gcc-4.9/configure --prefix=/tmp/8ee0b8157b3409c4b84fff35696d6c90 --target=aarch64-linux-android --host=x86_64-linux-gnu --build=x86_64-linux-gnu --with-gnu-as --with-gnu-ld --enable-languages=c,c++ --with-gmp=/buildbot/tmp/build/toolchain/temp-install --with-mpfr=/buildbot/tmp/build/toolchain/temp-install --with-mpc=/buildbot/tmp/build/toolchain/temp-install --with-cloog=/buildbot/tmp/build/toolchain/temp-install --with-isl=/buildbot/tmp/build/toolchain/temp-install --with-ppl=/buildbot/tmp/build/toolchain/temp-install --disable-ppl-version-check --disable-cloog-version-check --disable-isl-version-check --enable-cloog-backend=isl --with-host-libstdcxx='-static-libgcc -Wl,-Bstatic,-lstdc++,-Bdynamic -lm' --disable-libssp --enable-threads --disable-nls --disable-libmudflap --disable-libgomp --disable-libstdc__-v3 --disable-sjlj-exceptions --disable-shared --disable-tls --disable-libitm --enable-bionic-libs --enable-libatomic-ifuncs=no --enable-initfini-array --disable-nls --prefix=/tmp/8ee0b8157b3409c4b84fff35696d6c90 --with-sysroot=/tmp/8ee0b8157b3409c4b84fff35696d6c90/sysroot --with-binutils-version=2.25 --with-mpfr-version=3.1.1 --with-mpc-version=1.0.1 --with-gmp-version=5.0.5 --with-gcc-version=4.9 --with-gdb-version=none --with-gxx-include-dir=/tmp/8ee0b8157b3409c4b84fff35696d6c90/include/c++/4.9.x --with-bugurl=http://source.android.com/source/report-bugs.html --enable-languages=c,c++ --disable-bootstrap --enable-plugins --enable-libgomp --enable-gnu-indirect-function --disable-libsanitizer --enable-gold --enable-ld=default --enable-threads --enable-eh-frame-hdr-for-static --enable-fix-cortex-a53-835769 --enable-graphite=yes --with-isl-version=0.11.1 --with-cloog-version=0.18.0 --program-transform-name='s&^&aarch64-linux-android-&' --enable-gold
Thread model: posix
gcc version 4.9.x 20150123 (prerelease) (GCC) 
configure:4324: $? = 0
configure:4313: /home/danale/Android/android-ndk-r15c/toolchains/aarch64-linux-android-4.9/prebuilt/linux-x86_64/bin/aarch64-linux-android-g++ --sysroot=/home/danale/Android/android-ndk-r15c/platforms/android-21/arch-arm64 -V >&5
aarch64-linux-android-g++: error: unrecognized command line option '-V'
aarch64-linux-android-g++: fatal error: no input files
compilation terminated.
configure:4324: $? = 1
configure:4313: /home/danale/Android/android-ndk-r15c/toolchains/aarch64-linux-android-4.9/prebuilt/linux-x86_64/bin/aarch64-linux-android-g++ --sysroot=/home/danale/Android/android-ndk-r15c/platforms/android-21/arch-arm64 -qversion >&5
aarch64-linux-android-g++: error: unrecognized command line option '-qversion'
aarch64-linux-android-g++: fatal error: no input files
compilation terminated.
configure:4324: $? = 1
configure:4328: checking whether we are using the GNU C++ compiler
configure:4347: /home/danale/Android/android-ndk-r15c/toolchains/aarch64-linux-android-4.9/prebuilt/linux-x86_64/bin/aarch64-linux-android-g++ --sysroot=/home/danale/Android/android-ndk-r15c/platforms/android-21/arch-arm64 -c -DANDROID -fPIC -DANDROID -fPIC conftest.cpp >&5
configure:4347: $? = 0
configure:4356: result: yes
configure:4365: checking whether /home/danale/Android/android-ndk-r15c/toolchains/aarch64-linux-android-4.9/prebuilt/linux-x86_64/bin/aarch64-linux-android-g++ --sysroot=/home/danale/Android/android-ndk-r15c/platforms/android-21/arch-arm64 accepts -g
configure:4385: /home/danale/Android/android-ndk-r15c/toolchains/aarch64-linux-android-4.9/prebuilt/linux-x86_64/bin/aarch64-linux-android-g++ --sysroot=/home/danale/Android/android-ndk-r15c/platforms/android-21/arch-arm64 -c -g -DANDROID -fPIC conftest.cpp >&5
configure:4385: $? = 0
configure:4426: result: yes
configure:4451: checking dependency style of /home/danale/Android/android-ndk-r15c/toolchains/aarch64-linux-android-4.9/prebuilt/linux-x86_64/bin/aarch64-linux-android-g++ --sysroot=/home/danale/Android/android-ndk-r15c/platforms/android-21/arch-arm64
configure:4562: result: gcc3
configure:4606: checking build system type
configure:4620: result: x86_64-pc-linux-gnu
configure:4640: checking host system type
configure:4653: result: aarch64-unknown-linux-gnu
configure:4694: checking how to print strings
configure:4721: result: printf
configure:4742: checking for a sed that does not truncate output
configure:4806: result: /bin/sed
configure:4824: checking for grep that handles long lines and -e
configure:4882: result: /bin/grep
configure:4887: checking for egrep
configure:4949: result: /bin/grep -E
configure:4954: checking for fgrep
configure:5016: result: /bin/grep -F
configure:5051: checking for ld used by /home/danale/Android/android-ndk-r15c/toolchains/aarch64-linux-android-4.9/prebuilt/linux-x86_64/bin/aarch64-linux-android-gcc --sysroot=/home/danale/Android/android-ndk-r15c/platforms/android-21/arch-arm64
configure:5118: result: /home/danale/Android/android-ndk-r15c/toolchains/aarch64-linux-android-4.9/prebuilt/linux-x86_64/aarch64-linux-android/bin/ld
configure:5125: checking if the linker (/home/danale/Android/android-ndk-r15c/toolchains/aarch64-linux-android-4.9/prebuilt/linux-x86_64/aarch64-linux-android/bin/ld) is GNU ld
configure:5140: result: yes
configure:5152: checking for BSD- or MS-compatible name lister (nm)
configure:5206: result: /home/danale/Android/android-ndk-r15c/toolchains/aarch64-linux-android-4.9/prebuilt/linux-x86_64/bin/aarch64-linux-android-nm
configure:5336: checking the name lister (/home/danale/Android/android-ndk-r15c/toolchains/aarch64-linux-android-4.9/prebuilt/linux-x86_64/bin/aarch64-linux-android-nm) interface
configure:5343: /home/danale/Android/android-ndk-r15c/toolchains/aarch64-linux-android-4.9/prebuilt/linux-x86_64/bin/aarch64-linux-android-gcc --sysroot=/home/danale/Android/android-ndk-r15c/platforms/android-21/arch-arm64 -c -DANDROID -fPIC -DANDROID -fPIC conftest.c >&5
configure:5346: /home/danale/Android/android-ndk-r15c/toolchains/aarch64-linux-android-4.9/prebuilt/linux-x86_64/bin/aarch64-linux-android-nm "conftest.o"
configure:5349: output
0000000000000000 B some_variable
configure:5356: result: BSD nm
configure:5359: checking whether ln -s works
configure:5363: result: yes
configure:5371: checking the maximum length of command line arguments
configure:5502: result: 1572864
configure:5550: checking how to convert x86_64-pc-linux-gnu file names to aarch64-unknown-linux-gnu format
configure:5590: result: func_convert_file_noop
configure:5597: checking how to convert x86_64-pc-linux-gnu file names to toolchain format
configure:5617: result: func_convert_file_noop
configure:5624: checking for /home/danale/Android/android-ndk-r15c/toolchains/aarch64-linux-android-4.9/prebuilt/linux-x86_64/aarch64-linux-android/bin/ld option to reload object files
configure:5631: result: -r
configure:5665: checking for aarch64-linux-objdump
configure:5695: result: no
configure:5705: checking for objdump
configure:5721: found /usr/bin/objdump
configure:5732: result: objdump
configure:5744: WARNING: using cross tools not prefixed with host triplet
configure:5764: checking how to recognize dependent libraries
configure:5964: result: pass_all
configure:6009: checking for aarch64-linux-dlltool
configure:6039: result: no
configure:6049: checking for dlltool
configure:6079: result: no
configure:6109: checking how to associate runtime and link libraries
configure:6136: result: printf %s\n
configure:6153: checking for aarch64-linux-ar
configure:6180: result: /home/danale/Android/android-ndk-r15c/toolchains/aarch64-linux-android-4.9/prebuilt/linux-x86_64/bin/aarch64-linux-android-ar
configure:6261: checking for archiver @FILE support
configure:6278: /home/danale/Android/android-ndk-r15c/toolchains/aarch64-linux-android-4.9/prebuilt/linux-x86_64/bin/aarch64-linux-android-gcc --sysroot=/home/danale/Android/android-ndk-r15c/platforms/android-21/arch-arm64 -c -DANDROID -fPIC -DANDROID -fPIC conftest.c >&5
configure:6278: $? = 0
configure:6281: /home/danale/Android/android-ndk-r15c/toolchains/aarch64-linux-android-4.9/prebuilt/linux-x86_64/bin/aarch64-linux-android-ar cru libconftest.a @conftest.lst >&5
configure:6284: $? = 0
configure:6289: /home/danale/Android/android-ndk-r15c/toolchains/aarch64-linux-android-4.9/prebuilt/linux-x86_64/bin/aarch64-linux-android-ar cru libconftest.a @conftest.lst >&5
/home/danale/Android/android-ndk-r15c/toolchains/aarch64-linux-android-4.9/prebuilt/linux-x86_64/bin/aarch64-linux-android-ar: conftest.o: No such file or directory
configure:6292: $? = 1
configure:6304: result: @
configure:6322: checking for aarch64-linux-strip
configure:6349: result: /home/danale/Android/android-ndk-r15c/toolchains/aarch64-linux-android-4.9/prebuilt/linux-x86_64/bin/aarch64-linux-android-strip
configure:6421: checking for aarch64-linux-ranlib
configure:6448: result: /home/danale/Android/android-ndk-r15c/toolchains/aarch64-linux-android-4.9/prebuilt/linux-x86_64/bin/aarch64-linux-android-ranlib
configure:6590: checking command to parse /home/danale/Android/android-ndk-r15c/toolchains/aarch64-linux-android-4.9/prebuilt/linux-x86_64/bin/aarch64-linux-android-nm output from /home/danale/Android/android-ndk-r15c/toolchains/aarch64-linux-android-4.9/prebuilt/linux-x86_64/bin/aarch64-linux-android-gcc --sysroot=/home/danale/Android/android-ndk-r15c/platforms/android-21/arch-arm64 object
configure:6743: /home/danale/Android/android-ndk-r15c/toolchains/aarch64-linux-android-4.9/prebuilt/linux-x86_64/bin/aarch64-linux-android-gcc --sysroot=/home/danale/Android/android-ndk-r15c/platforms/android-21/arch-arm64 -c -DANDROID -fPIC -DANDROID -fPIC conftest.c >&5
configure:6746: $? = 0
configure:6750: /home/danale/Android/android-ndk-r15c/toolchains/aarch64-linux-android-4.9/prebuilt/linux-x86_64/bin/aarch64-linux-android-nm conftest.o \| sed -n -e 's/^.*[ ]\([ABCDGIRSTW][ABCDGIRSTW]*\)[ ][ ]*\([_A-Za-z][_A-Za-z0-9]*\)$/\1 \2 \2/p' | sed '/ __gnu_lto/d' \> conftest.nm
configure:6753: $? = 0
configure:6819: /home/danale/Android/android-ndk-r15c/toolchains/aarch64-linux-android-4.9/prebuilt/linux-x86_64/bin/aarch64-linux-android-gcc --sysroot=/home/danale/Android/android-ndk-r15c/platforms/android-21/arch-arm64 -o conftest -DANDROID -fPIC -DANDROID -fPIC  conftest.c conftstm.o >&5
configure:6822: $? = 0
configure:6860: result: ok
configure:6907: checking for sysroot
configure:6937: result: no
configure:6944: checking for a working dd
configure:6982: result: /bin/dd
configure:6986: checking how to truncate binary pipes
configure:7001: result: /bin/dd bs=4096 count=1
configure:7290: checking for aarch64-linux-mt
configure:7320: result: no
configure:7330: checking for mt
configure:7346: found /bin/mt
configure:7357: result: mt
configure:7380: checking if mt is a manifest tool
configure:7386: mt '-?'
configure:7394: result: no
configure:8071: checking how to run the C preprocessor
configure:8102: /home/danale/Android/android-ndk-r15c/toolchains/aarch64-linux-android-4.9/prebuilt/linux-x86_64/bin/aarch64-linux-android-gcc --sysroot=/home/danale/Android/android-ndk-r15c/platforms/android-21/arch-arm64 -E -DANDROID -fPIC conftest.c
configure:8102: $? = 0
configure:8116: /home/danale/Android/android-ndk-r15c/toolchains/aarch64-linux-android-4.9/prebuilt/linux-x86_64/bin/aarch64-linux-android-gcc --sysroot=/home/danale/Android/android-ndk-r15c/platforms/android-21/arch-arm64 -E -DANDROID -fPIC conftest.c
conftest.c:11:28: fatal error: ac_nonexistent.h: No such file or directory
 #include <ac_nonexistent.h>
                            ^
compilation terminated.
configure:8116: $? = 1
configure: failed program was:
| /* confdefs.h */
| #define PACKAGE_NAME "faac"
| #define PACKAGE_TARNAME "faac"
| #define PACKAGE_VERSION "1.29.9.2"
| #define PACKAGE_STRING "faac 1.29.9.2"
| #define PACKAGE_BUGREPORT "https://sourceforge.net/p/faac/bugs/"
| #define PACKAGE_URL ""
| #define PACKAGE "faac"
| #define VERSION "1.29.9.2"
| /* end confdefs.h.  */
| #include <ac_nonexistent.h>
configure:8141: result: /home/danale/Android/android-ndk-r15c/toolchains/aarch64-linux-android-4.9/prebuilt/linux-x86_64/bin/aarch64-linux-android-gcc --sysroot=/home/danale/Android/android-ndk-r15c/platforms/android-21/arch-arm64 -E
configure:8161: /home/danale/Android/android-ndk-r15c/toolchains/aarch64-linux-android-4.9/prebuilt/linux-x86_64/bin/aarch64-linux-android-gcc --sysroot=/home/danale/Android/android-ndk-r15c/platforms/android-21/arch-arm64 -E -DANDROID -fPIC conftest.c
configure:8161: $? = 0
configure:8175: /home/danale/Android/android-ndk-r15c/toolchains/aarch64-linux-android-4.9/prebuilt/linux-x86_64/bin/aarch64-linux-android-gcc --sysroot=/home/danale/Android/android-ndk-r15c/platforms/android-21/arch-arm64 -E -DANDROID -fPIC conftest.c
conftest.c:11:28: fatal error: ac_nonexistent.h: No such file or directory
 #include <ac_nonexistent.h>
                            ^
compilation terminated.
configure:8175: $? = 1
configure: failed program was:
| /* confdefs.h */
| #define PACKAGE_NAME "faac"
| #define PACKAGE_TARNAME "faac"
| #define PACKAGE_VERSION "1.29.9.2"
| #define PACKAGE_STRING "faac 1.29.9.2"
| #define PACKAGE_BUGREPORT "https://sourceforge.net/p/faac/bugs/"
| #define PACKAGE_URL ""
| #define PACKAGE "faac"
| #define VERSION "1.29.9.2"
| /* end confdefs.h.  */
| #include <ac_nonexistent.h>
configure:8204: checking for ANSI C header files
configure:8224: /home/danale/Android/android-ndk-r15c/toolchains/aarch64-linux-android-4.9/prebuilt/linux-x86_64/bin/aarch64-linux-android-gcc --sysroot=/home/danale/Android/android-ndk-r15c/platforms/android-21/arch-arm64 -c -DANDROID -fPIC -DANDROID -fPIC conftest.c >&5
configure:8224: $? = 0
configure:8308: result: yes
configure:8321: checking for sys/types.h
configure:8321: /home/danale/Android/android-ndk-r15c/toolchains/aarch64-linux-android-4.9/prebuilt/linux-x86_64/bin/aarch64-linux-android-gcc --sysroot=/home/danale/Android/android-ndk-r15c/platforms/android-21/arch-arm64 -c -DANDROID -fPIC -DANDROID -fPIC conftest.c >&5
configure:8321: $? = 0
configure:8321: result: yes
configure:8321: checking for sys/stat.h
configure:8321: /home/danale/Android/android-ndk-r15c/toolchains/aarch64-linux-android-4.9/prebuilt/linux-x86_64/bin/aarch64-linux-android-gcc --sysroot=/home/danale/Android/android-ndk-r15c/platforms/android-21/arch-arm64 -c -DANDROID -fPIC -DANDROID -fPIC conftest.c >&5
configure:8321: $? = 0
configure:8321: result: yes
configure:8321: checking for stdlib.h
configure:8321: /home/danale/Android/android-ndk-r15c/toolchains/aarch64-linux-android-4.9/prebuilt/linux-x86_64/bin/aarch64-linux-android-gcc --sysroot=/home/danale/Android/android-ndk-r15c/platforms/android-21/arch-arm64 -c -DANDROID -fPIC -DANDROID -fPIC conftest.c >&5
configure:8321: $? = 0
configure:8321: result: yes
configure:8321: checking for string.h
configure:8321: /home/danale/Android/android-ndk-r15c/toolchains/aarch64-linux-android-4.9/prebuilt/linux-x86_64/bin/aarch64-linux-android-gcc --sysroot=/home/danale/Android/android-ndk-r15c/platforms/android-21/arch-arm64 -c -DANDROID -fPIC -DANDROID -fPIC conftest.c >&5
configure:8321: $? = 0
configure:8321: result: yes
configure:8321: checking for memory.h
configure:8321: /home/danale/Android/android-ndk-r15c/toolchains/aarch64-linux-android-4.9/prebuilt/linux-x86_64/bin/aarch64-linux-android-gcc --sysroot=/home/danale/Android/android-ndk-r15c/platforms/android-21/arch-arm64 -c -DANDROID -fPIC -DANDROID -fPIC conftest.c >&5
configure:8321: $? = 0
configure:8321: result: yes
configure:8321: checking for strings.h
configure:8321: /home/danale/Android/android-ndk-r15c/toolchains/aarch64-linux-android-4.9/prebuilt/linux-x86_64/bin/aarch64-linux-android-gcc --sysroot=/home/danale/Android/android-ndk-r15c/platforms/android-21/arch-arm64 -c -DANDROID -fPIC -DANDROID -fPIC conftest.c >&5
configure:8321: $? = 0
configure:8321: result: yes
configure:8321: checking for inttypes.h
configure:8321: /home/danale/Android/android-ndk-r15c/toolchains/aarch64-linux-android-4.9/prebuilt/linux-x86_64/bin/aarch64-linux-android-gcc --sysroot=/home/danale/Android/android-ndk-r15c/platforms/android-21/arch-arm64 -c -DANDROID -fPIC -DANDROID -fPIC conftest.c >&5
configure:8321: $? = 0
configure:8321: result: yes
configure:8321: checking for stdint.h
configure:8321: /home/danale/Android/android-ndk-r15c/toolchains/aarch64-linux-android-4.9/prebuilt/linux-x86_64/bin/aarch64-linux-android-gcc --sysroot=/home/danale/Android/android-ndk-r15c/platforms/android-21/arch-arm64 -c -DANDROID -fPIC -DANDROID -fPIC conftest.c >&5
configure:8321: $? = 0
configure:8321: result: yes
configure:8321: checking for unistd.h
configure:8321: /home/danale/Android/android-ndk-r15c/toolchains/aarch64-linux-android-4.9/prebuilt/linux-x86_64/bin/aarch64-linux-android-gcc --sysroot=/home/danale/Android/android-ndk-r15c/platforms/android-21/arch-arm64 -c -DANDROID -fPIC -DANDROID -fPIC conftest.c >&5
configure:8321: $? = 0
configure:8321: result: yes
configure:8335: checking for dlfcn.h
configure:8335: /home/danale/Android/android-ndk-r15c/toolchains/aarch64-linux-android-4.9/prebuilt/linux-x86_64/bin/aarch64-linux-android-gcc --sysroot=/home/danale/Android/android-ndk-r15c/platforms/android-21/arch-arm64 -c -DANDROID -fPIC -DANDROID -fPIC conftest.c >&5
configure:8335: $? = 0
configure:8335: result: yes
configure:8602: checking for objdir
configure:8617: result: .libs
configure:8877: checking if /home/danale/Android/android-ndk-r15c/toolchains/aarch64-linux-android-4.9/prebuilt/linux-x86_64/bin/aarch64-linux-android-gcc --sysroot=/home/danale/Android/android-ndk-r15c/platforms/android-21/arch-arm64 supports -fno-rtti -fno-exceptions
configure:8895: /home/danale/Android/android-ndk-r15c/toolchains/aarch64-linux-android-4.9/prebuilt/linux-x86_64/bin/aarch64-linux-android-gcc --sysroot=/home/danale/Android/android-ndk-r15c/platforms/android-21/arch-arm64 -c -DANDROID -fPIC -DANDROID -fPIC -fno-rtti -fno-exceptions conftest.c >&5
cc1: warning: command line option '-fno-rtti' is valid for C++/ObjC++ but not for C
configure:8899: $? = 0
configure:8912: result: no
configure:9270: checking for /home/danale/Android/android-ndk-r15c/toolchains/aarch64-linux-android-4.9/prebuilt/linux-x86_64/bin/aarch64-linux-android-gcc --sysroot=/home/danale/Android/android-ndk-r15c/platforms/android-21/arch-arm64 option to produce PIC
configure:9277: result: -fPIC -DPIC
configure:9285: checking if /home/danale/Android/android-ndk-r15c/toolchains/aarch64-linux-android-4.9/prebuilt/linux-x86_64/bin/aarch64-linux-android-gcc --sysroot=/home/danale/Android/android-ndk-r15c/platforms/android-21/arch-arm64 PIC flag -fPIC -DPIC works
configure:9303: /home/danale/Android/android-ndk-r15c/toolchains/aarch64-linux-android-4.9/prebuilt/linux-x86_64/bin/aarch64-linux-android-gcc --sysroot=/home/danale/Android/android-ndk-r15c/platforms/android-21/arch-arm64 -c -DANDROID -fPIC -DANDROID -fPIC -fPIC -DPIC -DPIC conftest.c >&5
configure:9307: $? = 0
configure:9320: result: yes
configure:9349: checking if /home/danale/Android/android-ndk-r15c/toolchains/aarch64-linux-android-4.9/prebuilt/linux-x86_64/bin/aarch64-linux-android-gcc --sysroot=/home/danale/Android/android-ndk-r15c/platforms/android-21/arch-arm64 static flag -static works
configure:9377: result: yes
configure:9392: checking if /home/danale/Android/android-ndk-r15c/toolchains/aarch64-linux-android-4.9/prebuilt/linux-x86_64/bin/aarch64-linux-android-gcc --sysroot=/home/danale/Android/android-ndk-r15c/platforms/android-21/arch-arm64 supports -c -o file.o
configure:9413: /home/danale/Android/android-ndk-r15c/toolchains/aarch64-linux-android-4.9/prebuilt/linux-x86_64/bin/aarch64-linux-android-gcc --sysroot=/home/danale/Android/android-ndk-r15c/platforms/android-21/arch-arm64 -c -DANDROID -fPIC -DANDROID -fPIC -o out/conftest2.o conftest.c >&5
configure:9417: $? = 0
configure:9439: result: yes
configure:9447: checking if /home/danale/Android/android-ndk-r15c/toolchains/aarch64-linux-android-4.9/prebuilt/linux-x86_64/bin/aarch64-linux-android-gcc --sysroot=/home/danale/Android/android-ndk-r15c/platforms/android-21/arch-arm64 supports -c -o file.o
configure:9494: result: yes
configure:9527: checking whether the /home/danale/Android/android-ndk-r15c/toolchains/aarch64-linux-android-4.9/prebuilt/linux-x86_64/bin/aarch64-linux-android-gcc --sysroot=/home/danale/Android/android-ndk-r15c/platforms/android-21/arch-arm64 linker (/home/danale/Android/android-ndk-r15c/toolchains/aarch64-linux-android-4.9/prebuilt/linux-x86_64/aarch64-linux-android/bin/ld) supports shared libraries
configure:10790: result: yes
configure:10827: checking whether -lc should be explicitly linked in
configure:10835: /home/danale/Android/android-ndk-r15c/toolchains/aarch64-linux-android-4.9/prebuilt/linux-x86_64/bin/aarch64-linux-android-gcc --sysroot=/home/danale/Android/android-ndk-r15c/platforms/android-21/arch-arm64 -c -DANDROID -fPIC -DANDROID -fPIC conftest.c >&5
configure:10838: $? = 0
configure:10853: /home/danale/Android/android-ndk-r15c/toolchains/aarch64-linux-android-4.9/prebuilt/linux-x86_64/bin/aarch64-linux-android-gcc --sysroot=/home/danale/Android/android-ndk-r15c/platforms/android-21/arch-arm64 -shared  -fPIC -DPIC conftest.o  -v -Wl,-soname -Wl,conftest -o conftest 2\>\&1 \| /bin/grep  -lc  \>/dev/null 2\>\&1
configure:10856: $? = 0
configure:10870: result: no
configure:11030: checking dynamic linker characteristics
configure:11611: /home/danale/Android/android-ndk-r15c/toolchains/aarch64-linux-android-4.9/prebuilt/linux-x86_64/bin/aarch64-linux-android-gcc --sysroot=/home/danale/Android/android-ndk-r15c/platforms/android-21/arch-arm64 -o conftest -DANDROID -fPIC -DANDROID -fPIC  -Wl,-rpath -Wl,/foo conftest.c  >&5
configure:11611: $? = 0
configure:11860: result: GNU/Linux ld.so
configure:11982: checking how to hardcode library paths into programs
configure:12007: result: immediate
configure:12555: checking whether stripping libraries is possible
configure:12560: result: yes
configure:12595: checking if libtool supports shared libraries
configure:12597: result: yes
configure:12600: checking whether to build shared libraries
configure:12625: result: yes
configure:12628: checking whether to build static libraries
configure:12632: result: yes
configure:12655: checking how to run the C++ preprocessor
configure:12682: /home/danale/Android/android-ndk-r15c/toolchains/aarch64-linux-android-4.9/prebuilt/linux-x86_64/bin/aarch64-linux-android-g++ --sysroot=/home/danale/Android/android-ndk-r15c/platforms/android-21/arch-arm64 -E -DANDROID -fPIC conftest.cpp
configure:12682: $? = 0
configure:12696: /home/danale/Android/android-ndk-r15c/toolchains/aarch64-linux-android-4.9/prebuilt/linux-x86_64/bin/aarch64-linux-android-g++ --sysroot=/home/danale/Android/android-ndk-r15c/platforms/android-21/arch-arm64 -E -DANDROID -fPIC conftest.cpp
conftest.cpp:23:28: fatal error: ac_nonexistent.h: No such file or directory
 #include <ac_nonexistent.h>
                            ^
compilation terminated.
configure:12696: $? = 1
configure: failed program was:
| /* confdefs.h */
| #define PACKAGE_NAME "faac"
| #define PACKAGE_TARNAME "faac"
| #define PACKAGE_VERSION "1.29.9.2"
| #define PACKAGE_STRING "faac 1.29.9.2"
| #define PACKAGE_BUGREPORT "https://sourceforge.net/p/faac/bugs/"
| #define PACKAGE_URL ""
| #define PACKAGE "faac"
| #define VERSION "1.29.9.2"
| #define STDC_HEADERS 1
| #define HAVE_SYS_TYPES_H 1
| #define HAVE_SYS_STAT_H 1
| #define HAVE_STDLIB_H 1
| #define HAVE_STRING_H 1
| #define HAVE_MEMORY_H 1
| #define HAVE_STRINGS_H 1
| #define HAVE_INTTYPES_H 1
| #define HAVE_STDINT_H 1
| #define HAVE_UNISTD_H 1
| #define HAVE_DLFCN_H 1
| #define LT_OBJDIR ".libs/"
| /* end confdefs.h.  */
| #include <ac_nonexistent.h>
configure:12721: result: /home/danale/Android/android-ndk-r15c/toolchains/aarch64-linux-android-4.9/prebuilt/linux-x86_64/bin/aarch64-linux-android-g++ --sysroot=/home/danale/Android/android-ndk-r15c/platforms/android-21/arch-arm64 -E
configure:12741: /home/danale/Android/android-ndk-r15c/toolchains/aarch64-linux-android-4.9/prebuilt/linux-x86_64/bin/aarch64-linux-android-g++ --sysroot=/home/danale/Android/android-ndk-r15c/platforms/android-21/arch-arm64 -E -DANDROID -fPIC conftest.cpp
configure:12741: $? = 0
configure:12755: /home/danale/Android/android-ndk-r15c/toolchains/aarch64-linux-android-4.9/prebuilt/linux-x86_64/bin/aarch64-linux-android-g++ --sysroot=/home/danale/Android/android-ndk-r15c/platforms/android-21/arch-arm64 -E -DANDROID -fPIC conftest.cpp
conftest.cpp:23:28: fatal error: ac_nonexistent.h: No such file or directory
 #include <ac_nonexistent.h>
                            ^
compilation terminated.
configure:12755: $? = 1
configure: failed program was:
| /* confdefs.h */
| #define PACKAGE_NAME "faac"
| #define PACKAGE_TARNAME "faac"
| #define PACKAGE_VERSION "1.29.9.2"
| #define PACKAGE_STRING "faac 1.29.9.2"
| #define PACKAGE_BUGREPORT "https://sourceforge.net/p/faac/bugs/"
| #define PACKAGE_URL ""
| #define PACKAGE "faac"
| #define VERSION "1.29.9.2"
| #define STDC_HEADERS 1
| #define HAVE_SYS_TYPES_H 1
| #define HAVE_SYS_STAT_H 1
| #define HAVE_STDLIB_H 1
| #define HAVE_STRING_H 1
| #define HAVE_MEMORY_H 1
| #define HAVE_STRINGS_H 1
| #define HAVE_INTTYPES_H 1
| #define HAVE_STDINT_H 1
| #define HAVE_UNISTD_H 1
| #define HAVE_DLFCN_H 1
| #define LT_OBJDIR ".libs/"
| /* end confdefs.h.  */
| #include <ac_nonexistent.h>
configure:12917: checking for ld used by /home/danale/Android/android-ndk-r15c/toolchains/aarch64-linux-android-4.9/prebuilt/linux-x86_64/bin/aarch64-linux-android-g++ --sysroot=/home/danale/Android/android-ndk-r15c/platforms/android-21/arch-arm64
configure:12984: result: /home/danale/Android/android-ndk-r15c/toolchains/aarch64-linux-android-4.9/prebuilt/linux-x86_64/aarch64-linux-android/bin/ld
configure:12991: checking if the linker (/home/danale/Android/android-ndk-r15c/toolchains/aarch64-linux-android-4.9/prebuilt/linux-x86_64/aarch64-linux-android/bin/ld) is GNU ld
configure:13006: result: yes
configure:13061: checking whether the /home/danale/Android/android-ndk-r15c/toolchains/aarch64-linux-android-4.9/prebuilt/linux-x86_64/bin/aarch64-linux-android-g++ --sysroot=/home/danale/Android/android-ndk-r15c/platforms/android-21/arch-arm64 linker (/home/danale/Android/android-ndk-r15c/toolchains/aarch64-linux-android-4.9/prebuilt/linux-x86_64/aarch64-linux-android/bin/ld) supports shared libraries
configure:14134: result: yes
configure:14170: /home/danale/Android/android-ndk-r15c/toolchains/aarch64-linux-android-4.9/prebuilt/linux-x86_64/bin/aarch64-linux-android-g++ --sysroot=/home/danale/Android/android-ndk-r15c/platforms/android-21/arch-arm64 -c -DANDROID -fPIC -DANDROID -fPIC conftest.cpp >&5
configure:14173: $? = 0
configure:14654: checking for /home/danale/Android/android-ndk-r15c/toolchains/aarch64-linux-android-4.9/prebuilt/linux-x86_64/bin/aarch64-linux-android-g++ --sysroot=/home/danale/Android/android-ndk-r15c/platforms/android-21/arch-arm64 option to produce PIC
configure:14661: result: -fPIC -DPIC
configure:14669: checking if /home/danale/Android/android-ndk-r15c/toolchains/aarch64-linux-android-4.9/prebuilt/linux-x86_64/bin/aarch64-linux-android-g++ --sysroot=/home/danale/Android/android-ndk-r15c/platforms/android-21/arch-arm64 PIC flag -fPIC -DPIC works
configure:14687: /home/danale/Android/android-ndk-r15c/toolchains/aarch64-linux-android-4.9/prebuilt/linux-x86_64/bin/aarch64-linux-android-g++ --sysroot=/home/danale/Android/android-ndk-r15c/platforms/android-21/arch-arm64 -c -DANDROID -fPIC -DANDROID -fPIC -fPIC -DPIC -DPIC conftest.cpp >&5
configure:14691: $? = 0
configure:14704: result: yes
configure:14727: checking if /home/danale/Android/android-ndk-r15c/toolchains/aarch64-linux-android-4.9/prebuilt/linux-x86_64/bin/aarch64-linux-android-g++ --sysroot=/home/danale/Android/android-ndk-r15c/platforms/android-21/arch-arm64 static flag -static works
configure:14755: result: yes
configure:14767: checking if /home/danale/Android/android-ndk-r15c/toolchains/aarch64-linux-android-4.9/prebuilt/linux-x86_64/bin/aarch64-linux-android-g++ --sysroot=/home/danale/Android/android-ndk-r15c/platforms/android-21/arch-arm64 supports -c -o file.o
configure:14788: /home/danale/Android/android-ndk-r15c/toolchains/aarch64-linux-android-4.9/prebuilt/linux-x86_64/bin/aarch64-linux-android-g++ --sysroot=/home/danale/Android/android-ndk-r15c/platforms/android-21/arch-arm64 -c -DANDROID -fPIC -DANDROID -fPIC -o out/conftest2.o conftest.cpp >&5
configure:14792: $? = 0
configure:14814: result: yes
configure:14819: checking if /home/danale/Android/android-ndk-r15c/toolchains/aarch64-linux-android-4.9/prebuilt/linux-x86_64/bin/aarch64-linux-android-g++ --sysroot=/home/danale/Android/android-ndk-r15c/platforms/android-21/arch-arm64 supports -c -o file.o
configure:14866: result: yes
configure:14896: checking whether the /home/danale/Android/android-ndk-r15c/toolchains/aarch64-linux-android-4.9/prebuilt/linux-x86_64/bin/aarch64-linux-android-g++ --sysroot=/home/danale/Android/android-ndk-r15c/platforms/android-21/arch-arm64 linker (/home/danale/Android/android-ndk-r15c/toolchains/aarch64-linux-android-4.9/prebuilt/linux-x86_64/aarch64-linux-android/bin/ld) supports shared libraries
configure:14939: result: yes
configure:15080: checking dynamic linker characteristics
configure:15837: result: GNU/Linux ld.so
configure:15902: checking how to hardcode library paths into programs
configure:15927: result: immediate
configure:15992: checking getopt.h usability
configure:15992: /home/danale/Android/android-ndk-r15c/toolchains/aarch64-linux-android-4.9/prebuilt/linux-x86_64/bin/aarch64-linux-android-gcc --sysroot=/home/danale/Android/android-ndk-r15c/platforms/android-21/arch-arm64 -c -DANDROID -fPIC -DANDROID -fPIC conftest.c >&5
configure:15992: $? = 0
configure:15992: result: yes
configure:15992: checking getopt.h presence
configure:15992: /home/danale/Android/android-ndk-r15c/toolchains/aarch64-linux-android-4.9/prebuilt/linux-x86_64/bin/aarch64-linux-android-gcc --sysroot=/home/danale/Android/android-ndk-r15c/platforms/android-21/arch-arm64 -E -DANDROID -fPIC conftest.c
configure:15992: $? = 0
configure:15992: result: yes
configure:15992: checking for getopt.h
configure:15992: result: yes
configure:15992: checking immintrin.h usability
configure:15992: /home/danale/Android/android-ndk-r15c/toolchains/aarch64-linux-android-4.9/prebuilt/linux-x86_64/bin/aarch64-linux-android-gcc --sysroot=/home/danale/Android/android-ndk-r15c/platforms/android-21/arch-arm64 -c -DANDROID -fPIC -DANDROID -fPIC conftest.c >&5
conftest.c:57:23: fatal error: immintrin.h: No such file or directory
 #include <immintrin.h>
                       ^
compilation terminated.
configure:15992: $? = 1
configure: failed program was:
| /* confdefs.h */
| #define PACKAGE_NAME "faac"
| #define PACKAGE_TARNAME "faac"
| #define PACKAGE_VERSION "1.29.9.2"
| #define PACKAGE_STRING "faac 1.29.9.2"
| #define PACKAGE_BUGREPORT "https://sourceforge.net/p/faac/bugs/"
| #define PACKAGE_URL ""
| #define PACKAGE "faac"
| #define VERSION "1.29.9.2"
| #define STDC_HEADERS 1
| #define HAVE_SYS_TYPES_H 1
| #define HAVE_SYS_STAT_H 1
| #define HAVE_STDLIB_H 1
| #define HAVE_STRING_H 1
| #define HAVE_MEMORY_H 1
| #define HAVE_STRINGS_H 1
| #define HAVE_INTTYPES_H 1
| #define HAVE_STDINT_H 1
| #define HAVE_UNISTD_H 1
| #define HAVE_DLFCN_H 1
| #define LT_OBJDIR ".libs/"
| #define HAVE_GETOPT_H 1
| /* end confdefs.h.  */
| #include <stdio.h>
| #ifdef HAVE_SYS_TYPES_H
| # include <sys/types.h>
| #endif
| #ifdef HAVE_SYS_STAT_H
| # include <sys/stat.h>
| #endif
| #ifdef STDC_HEADERS
| # include <stdlib.h>
| # include <stddef.h>
| #else
| # ifdef HAVE_STDLIB_H
| #  include <stdlib.h>
| # endif
| #endif
| #ifdef HAVE_STRING_H
| # if !defined STDC_HEADERS && defined HAVE_MEMORY_H
| #  include <memory.h>
| # endif
| # include <string.h>
| #endif
| #ifdef HAVE_STRINGS_H
| # include <strings.h>
| #endif
| #ifdef HAVE_INTTYPES_H
| # include <inttypes.h>
| #endif
| #ifdef HAVE_STDINT_H
| # include <stdint.h>
| #endif
| #ifdef HAVE_UNISTD_H
| # include <unistd.h>
| #endif
| #include <immintrin.h>
configure:15992: result: no
configure:15992: checking immintrin.h presence
configure:15992: /home/danale/Android/android-ndk-r15c/toolchains/aarch64-linux-android-4.9/prebuilt/linux-x86_64/bin/aarch64-linux-android-gcc --sysroot=/home/danale/Android/android-ndk-r15c/platforms/android-21/arch-arm64 -E -DANDROID -fPIC conftest.c
conftest.c:24:23: fatal error: immintrin.h: No such file or directory
 #include <immintrin.h>
                       ^
compilation terminated.
configure:15992: $? = 1
configure: failed program was:
| /* confdefs.h */
| #define PACKAGE_NAME "faac"
| #define PACKAGE_TARNAME "faac"
| #define PACKAGE_VERSION "1.29.9.2"
| #define PACKAGE_STRING "faac 1.29.9.2"
| #define PACKAGE_BUGREPORT "https://sourceforge.net/p/faac/bugs/"
| #define PACKAGE_URL ""
| #define PACKAGE "faac"
| #define VERSION "1.29.9.2"
| #define STDC_HEADERS 1
| #define HAVE_SYS_TYPES_H 1
| #define HAVE_SYS_STAT_H 1
| #define HAVE_STDLIB_H 1
| #define HAVE_STRING_H 1
| #define HAVE_MEMORY_H 1
| #define HAVE_STRINGS_H 1
| #define HAVE_INTTYPES_H 1
| #define HAVE_STDINT_H 1
| #define HAVE_UNISTD_H 1
| #define HAVE_DLFCN_H 1
| #define LT_OBJDIR ".libs/"
| #define HAVE_GETOPT_H 1
| /* end confdefs.h.  */
| #include <immintrin.h>
configure:15992: result: no
configure:15992: checking for immintrin.h
configure:15992: result: no
configure:16003: checking whether strcasecmp is declared
configure:16003: /home/danale/Android/android-ndk-r15c/toolchains/aarch64-linux-android-4.9/prebuilt/linux-x86_64/bin/aarch64-linux-android-gcc --sysroot=/home/danale/Android/android-ndk-r15c/platforms/android-21/arch-arm64 -c -DANDROID -fPIC -DANDROID -fPIC conftest.c >&5
configure:16003: $? = 0
configure:16003: result: yes
configure:16011: checking for getopt_long in -lgnugetopt
configure:16036: /home/danale/Android/android-ndk-r15c/toolchains/aarch64-linux-android-4.9/prebuilt/linux-x86_64/bin/aarch64-linux-android-gcc --sysroot=/home/danale/Android/android-ndk-r15c/platforms/android-21/arch-arm64 -o conftest -DANDROID -fPIC -DANDROID -fPIC  conftest.c -lgnugetopt   >&5
/home/danale/Android/android-ndk-r15c/toolchains/aarch64-linux-android-4.9/prebuilt/linux-x86_64/bin/../lib/gcc/aarch64-linux-android/4.9.x/../../../../aarch64-linux-android/bin/ld: cannot find -lgnugetopt
collect2: error: ld returned 1 exit status
configure:16036: $? = 1
configure: failed program was:
| /* confdefs.h */
| #define PACKAGE_NAME "faac"
| #define PACKAGE_TARNAME "faac"
| #define PACKAGE_VERSION "1.29.9.2"
| #define PACKAGE_STRING "faac 1.29.9.2"
| #define PACKAGE_BUGREPORT "https://sourceforge.net/p/faac/bugs/"
| #define PACKAGE_URL ""
| #define PACKAGE "faac"
| #define VERSION "1.29.9.2"
| #define STDC_HEADERS 1
| #define HAVE_SYS_TYPES_H 1
| #define HAVE_SYS_STAT_H 1
| #define HAVE_STDLIB_H 1
| #define HAVE_STRING_H 1
| #define HAVE_MEMORY_H 1
| #define HAVE_STRINGS_H 1
| #define HAVE_INTTYPES_H 1
| #define HAVE_STDINT_H 1
| #define HAVE_UNISTD_H 1
| #define HAVE_DLFCN_H 1
| #define LT_OBJDIR ".libs/"
| #define HAVE_GETOPT_H 1
| #define HAVE_STRCASECMP 1
| /* end confdefs.h.  */
| 
| /* Override any GCC internal prototype to avoid an error.
|    Use char because int might match the return type of a GCC
|    builtin and then its argument prototype would still apply.  */
| #ifdef __cplusplus
| extern "C"
| #endif
| char getopt_long ();
| int
| main ()
| {
| return getopt_long ();
|   ;
|   return 0;
| }
configure:16045: result: no
configure:16101: checking for aarch64-linux-windres
configure:16131: result: no
configure:16141: checking for windres
configure:16171: result: no
configure:16191: checking whether byte ordering is bigendian
configure:16206: /home/danale/Android/android-ndk-r15c/toolchains/aarch64-linux-android-4.9/prebuilt/linux-x86_64/bin/aarch64-linux-android-gcc --sysroot=/home/danale/Android/android-ndk-r15c/platforms/android-21/arch-arm64 -c -DANDROID -fPIC -DANDROID -fPIC conftest.c >&5
conftest.c:26:9: error: unknown type name 'not'
         not a universal capable compiler
         ^
conftest.c:26:15: error: expected '=', ',', ';', 'asm' or '__attribute__' before 'universal'
         not a universal capable compiler
               ^
conftest.c:26:15: error: unknown type name 'universal'
configure:16206: $? = 1
configure: failed program was:
| /* confdefs.h */
| #define PACKAGE_NAME "faac"
| #define PACKAGE_TARNAME "faac"
| #define PACKAGE_VERSION "1.29.9.2"
| #define PACKAGE_STRING "faac 1.29.9.2"
| #define PACKAGE_BUGREPORT "https://sourceforge.net/p/faac/bugs/"
| #define PACKAGE_URL ""
| #define PACKAGE "faac"
| #define VERSION "1.29.9.2"
| #define STDC_HEADERS 1
| #define HAVE_SYS_TYPES_H 1
| #define HAVE_SYS_STAT_H 1
| #define HAVE_STDLIB_H 1
| #define HAVE_STRING_H 1
| #define HAVE_MEMORY_H 1
| #define HAVE_STRINGS_H 1
| #define HAVE_INTTYPES_H 1
| #define HAVE_STDINT_H 1
| #define HAVE_UNISTD_H 1
| #define HAVE_DLFCN_H 1
| #define LT_OBJDIR ".libs/"
| #define HAVE_GETOPT_H 1
| #define HAVE_STRCASECMP 1
| /* end confdefs.h.  */
| #ifndef __APPLE_CC__
| 	       not a universal capable compiler
| 	     #endif
| 	     typedef int dummy;
| 
configure:16251: /home/danale/Android/android-ndk-r15c/toolchains/aarch64-linux-android-4.9/prebuilt/linux-x86_64/bin/aarch64-linux-android-gcc --sysroot=/home/danale/Android/android-ndk-r15c/platforms/android-21/arch-arm64 -c -DANDROID -fPIC -DANDROID -fPIC conftest.c >&5
conftest.c: In function 'main':
conftest.c:32:8: error: unknown type name 'bogus'
        bogus endian macros
        ^
conftest.c:32:21: error: expected '=', ',', ';', 'asm' or '__attribute__' before 'macros'
        bogus endian macros
                     ^
configure:16251: $? = 1
configure: failed program was:
| /* confdefs.h */
| #define PACKAGE_NAME "faac"
| #define PACKAGE_TARNAME "faac"
| #define PACKAGE_VERSION "1.29.9.2"
| #define PACKAGE_STRING "faac 1.29.9.2"
| #define PACKAGE_BUGREPORT "https://sourceforge.net/p/faac/bugs/"
| #define PACKAGE_URL ""
| #define PACKAGE "faac"
| #define VERSION "1.29.9.2"
| #define STDC_HEADERS 1
| #define HAVE_SYS_TYPES_H 1
| #define HAVE_SYS_STAT_H 1
| #define HAVE_STDLIB_H 1
| #define HAVE_STRING_H 1
| #define HAVE_MEMORY_H 1
| #define HAVE_STRINGS_H 1
| #define HAVE_INTTYPES_H 1
| #define HAVE_STDINT_H 1
| #define HAVE_UNISTD_H 1
| #define HAVE_DLFCN_H 1
| #define LT_OBJDIR ".libs/"
| #define HAVE_GETOPT_H 1
| #define HAVE_STRCASECMP 1
| /* end confdefs.h.  */
| #include <sys/types.h>
| 	     #include <sys/param.h>
| 
| int
| main ()
| {
| #if ! (defined BYTE_ORDER && defined BIG_ENDIAN 		     && defined LITTLE_ENDIAN && BYTE_ORDER && BIG_ENDIAN 		     && LITTLE_ENDIAN)
| 	      bogus endian macros
| 	     #endif
| 
|   ;
|   return 0;
| }
configure:16295: /home/danale/Android/android-ndk-r15c/toolchains/aarch64-linux-android-4.9/prebuilt/linux-x86_64/bin/aarch64-linux-android-gcc --sysroot=/home/danale/Android/android-ndk-r15c/platforms/android-21/arch-arm64 -c -DANDROID -fPIC -DANDROID -fPIC conftest.c >&5
conftest.c: In function 'main':
conftest.c:31:8: error: unknown type name 'bogus'
        bogus endian macros
        ^
conftest.c:31:21: error: expected '=', ',', ';', 'asm' or '__attribute__' before 'macros'
        bogus endian macros
                     ^
configure:16295: $? = 1
configure: failed program was:
| /* confdefs.h */
| #define PACKAGE_NAME "faac"
| #define PACKAGE_TARNAME "faac"
| #define PACKAGE_VERSION "1.29.9.2"
| #define PACKAGE_STRING "faac 1.29.9.2"
| #define PACKAGE_BUGREPORT "https://sourceforge.net/p/faac/bugs/"
| #define PACKAGE_URL ""
| #define PACKAGE "faac"
| #define VERSION "1.29.9.2"
| #define STDC_HEADERS 1
| #define HAVE_SYS_TYPES_H 1
| #define HAVE_SYS_STAT_H 1
| #define HAVE_STDLIB_H 1
| #define HAVE_STRING_H 1
| #define HAVE_MEMORY_H 1
| #define HAVE_STRINGS_H 1
| #define HAVE_INTTYPES_H 1
| #define HAVE_STDINT_H 1
| #define HAVE_UNISTD_H 1
| #define HAVE_DLFCN_H 1
| #define LT_OBJDIR ".libs/"
| #define HAVE_GETOPT_H 1
| #define HAVE_STRCASECMP 1
| /* end confdefs.h.  */
| #include <limits.h>
| 
| int
| main ()
| {
| #if ! (defined _LITTLE_ENDIAN || defined _BIG_ENDIAN)
| 	      bogus endian macros
| 	     #endif
| 
|   ;
|   return 0;
| }
configure:16351: /home/danale/Android/android-ndk-r15c/toolchains/aarch64-linux-android-4.9/prebuilt/linux-x86_64/bin/aarch64-linux-android-gcc --sysroot=/home/danale/Android/android-ndk-r15c/platforms/android-21/arch-arm64 -c -DANDROID -fPIC -DANDROID -fPIC conftest.c >&5
configure:16351: $? = 0
configure:16397: result: no
configure:16416: checking for ANSI C header files
configure:16520: result: yes
configure:16535: checking for special C compiler options needed for large files
configure:16580: result: no
configure:16586: checking for _FILE_OFFSET_BITS value needed for large files
configure:16611: /home/danale/Android/android-ndk-r15c/toolchains/aarch64-linux-android-4.9/prebuilt/linux-x86_64/bin/aarch64-linux-android-gcc --sysroot=/home/danale/Android/android-ndk-r15c/platforms/android-21/arch-arm64 -c -DANDROID -fPIC -DANDROID -fPIC conftest.c >&5
configure:16611: $? = 0
configure:16643: result: no
configure:16731: checking for stdint.h
configure:16731: result: yes
configure:16731: checking for inttypes.h
configure:16731: result: yes
configure:16743: checking mathf.h usability
configure:16743: /home/danale/Android/android-ndk-r15c/toolchains/aarch64-linux-android-4.9/prebuilt/linux-x86_64/bin/aarch64-linux-android-gcc --sysroot=/home/danale/Android/android-ndk-r15c/platforms/android-21/arch-arm64 -c -DANDROID -fPIC -DANDROID -fPIC conftest.c >&5
conftest.c:61:19: fatal error: mathf.h: No such file or directory
 #include <mathf.h>
                   ^
compilation terminated.
configure:16743: $? = 1
configure: failed program was:
| /* confdefs.h */
| #define PACKAGE_NAME "faac"
| #define PACKAGE_TARNAME "faac"
| #define PACKAGE_VERSION "1.29.9.2"
| #define PACKAGE_STRING "faac 1.29.9.2"
| #define PACKAGE_BUGREPORT "https://sourceforge.net/p/faac/bugs/"
| #define PACKAGE_URL ""
| #define PACKAGE "faac"
| #define VERSION "1.29.9.2"
| #define STDC_HEADERS 1
| #define HAVE_SYS_TYPES_H 1
| #define HAVE_SYS_STAT_H 1
| #define HAVE_STDLIB_H 1
| #define HAVE_STRING_H 1
| #define HAVE_MEMORY_H 1
| #define HAVE_STRINGS_H 1
| #define HAVE_INTTYPES_H 1
| #define HAVE_STDINT_H 1
| #define HAVE_UNISTD_H 1
| #define HAVE_DLFCN_H 1
| #define LT_OBJDIR ".libs/"
| #define HAVE_GETOPT_H 1
| #define HAVE_STRCASECMP 1
| #define STDC_HEADERS 1
| #define HAVE_STDINT_H 1
| #define HAVE_INTTYPES_H 1
| /* end confdefs.h.  */
| #include <stdio.h>
| #ifdef HAVE_SYS_TYPES_H
| # include <sys/types.h>
| #endif
| #ifdef HAVE_SYS_STAT_H
| # include <sys/stat.h>
| #endif
| #ifdef STDC_HEADERS
| # include <stdlib.h>
| # include <stddef.h>
| #else
| # ifdef HAVE_STDLIB_H
| #  include <stdlib.h>
| # endif
| #endif
| #ifdef HAVE_STRING_H
| # if !defined STDC_HEADERS && defined HAVE_MEMORY_H
| #  include <memory.h>
| # endif
| # include <string.h>
| #endif
| #ifdef HAVE_STRINGS_H
| # include <strings.h>
| #endif
| #ifdef HAVE_INTTYPES_H
| # include <inttypes.h>
| #endif
| #ifdef HAVE_STDINT_H
| # include <stdint.h>
| #endif
| #ifdef HAVE_UNISTD_H
| # include <unistd.h>
| #endif
| #include <mathf.h>
configure:16743: result: no
configure:16743: checking mathf.h presence
configure:16743: /home/danale/Android/android-ndk-r15c/toolchains/aarch64-linux-android-4.9/prebuilt/linux-x86_64/bin/aarch64-linux-android-gcc --sysroot=/home/danale/Android/android-ndk-r15c/platforms/android-21/arch-arm64 -E -DANDROID -fPIC conftest.c
conftest.c:28:19: fatal error: mathf.h: No such file or directory
 #include <mathf.h>
                   ^
compilation terminated.
configure:16743: $? = 1
configure: failed program was:
| /* confdefs.h */
| #define PACKAGE_NAME "faac"
| #define PACKAGE_TARNAME "faac"
| #define PACKAGE_VERSION "1.29.9.2"
| #define PACKAGE_STRING "faac 1.29.9.2"
| #define PACKAGE_BUGREPORT "https://sourceforge.net/p/faac/bugs/"
| #define PACKAGE_URL ""
| #define PACKAGE "faac"
| #define VERSION "1.29.9.2"
| #define STDC_HEADERS 1
| #define HAVE_SYS_TYPES_H 1
| #define HAVE_SYS_STAT_H 1
| #define HAVE_STDLIB_H 1
| #define HAVE_STRING_H 1
| #define HAVE_MEMORY_H 1
| #define HAVE_STRINGS_H 1
| #define HAVE_INTTYPES_H 1
| #define HAVE_STDINT_H 1
| #define HAVE_UNISTD_H 1
| #define HAVE_DLFCN_H 1
| #define LT_OBJDIR ".libs/"
| #define HAVE_GETOPT_H 1
| #define HAVE_STRCASECMP 1
| #define STDC_HEADERS 1
| #define HAVE_STDINT_H 1
| #define HAVE_INTTYPES_H 1
| /* end confdefs.h.  */
| #include <mathf.h>
configure:16743: result: no
configure:16743: checking for mathf.h
configure:16743: result: no
configure:16755: checking float.h usability
configure:16755: /home/danale/Android/android-ndk-r15c/toolchains/aarch64-linux-android-4.9/prebuilt/linux-x86_64/bin/aarch64-linux-android-gcc --sysroot=/home/danale/Android/android-ndk-r15c/platforms/android-21/arch-arm64 -c -DANDROID -fPIC -DANDROID -fPIC conftest.c >&5
configure:16755: $? = 0
configure:16755: result: yes
configure:16755: checking float.h presence
configure:16755: /home/danale/Android/android-ndk-r15c/toolchains/aarch64-linux-android-4.9/prebuilt/linux-x86_64/bin/aarch64-linux-android-gcc --sysroot=/home/danale/Android/android-ndk-r15c/platforms/android-21/arch-arm64 -E -DANDROID -fPIC conftest.c
configure:16755: $? = 0
configure:16755: result: yes
configure:16755: checking for float.h
configure:16755: result: yes
configure:16765: checking whether strchr is declared
configure:16765: /home/danale/Android/android-ndk-r15c/toolchains/aarch64-linux-android-4.9/prebuilt/linux-x86_64/bin/aarch64-linux-android-gcc --sysroot=/home/danale/Android/android-ndk-r15c/platforms/android-21/arch-arm64 -c -DANDROID -fPIC -DANDROID -fPIC conftest.c >&5
configure:16765: $? = 0
configure:16765: result: yes
configure:16772: checking whether memcpy is declared
configure:16772: /home/danale/Android/android-ndk-r15c/toolchains/aarch64-linux-android-4.9/prebuilt/linux-x86_64/bin/aarch64-linux-android-gcc --sysroot=/home/danale/Android/android-ndk-r15c/platforms/android-21/arch-arm64 -c -DANDROID -fPIC -DANDROID -fPIC conftest.c >&5
configure:16772: $? = 0
configure:16772: result: yes
configure:16779: checking whether strsep is declared
configure:16779: /home/danale/Android/android-ndk-r15c/toolchains/aarch64-linux-android-4.9/prebuilt/linux-x86_64/bin/aarch64-linux-android-gcc --sysroot=/home/danale/Android/android-ndk-r15c/platforms/android-21/arch-arm64 -c -DANDROID -fPIC -DANDROID -fPIC conftest.c >&5
configure:16779: $? = 0
configure:16779: result: yes
configure:16788: checking sys/time.h usability
configure:16788: /home/danale/Android/android-ndk-r15c/toolchains/aarch64-linux-android-4.9/prebuilt/linux-x86_64/bin/aarch64-linux-android-gcc --sysroot=/home/danale/Android/android-ndk-r15c/platforms/android-21/arch-arm64 -c -DANDROID -fPIC -DANDROID -fPIC conftest.c >&5
configure:16788: $? = 0
configure:16788: result: yes
configure:16788: checking sys/time.h presence
configure:16788: /home/danale/Android/android-ndk-r15c/toolchains/aarch64-linux-android-4.9/prebuilt/linux-x86_64/bin/aarch64-linux-android-gcc --sysroot=/home/danale/Android/android-ndk-r15c/platforms/android-21/arch-arm64 -E -DANDROID -fPIC conftest.c
configure:16788: $? = 0
configure:16788: result: yes
configure:16788: checking for sys/time.h
configure:16788: result: yes
configure:16798: checking whether time.h and sys/time.h may both be included
configure:16818: /home/danale/Android/android-ndk-r15c/toolchains/aarch64-linux-android-4.9/prebuilt/linux-x86_64/bin/aarch64-linux-android-gcc --sysroot=/home/danale/Android/android-ndk-r15c/platforms/android-21/arch-arm64 -c -DANDROID -fPIC -DANDROID -fPIC conftest.c >&5
configure:16818: $? = 0
configure:16825: result: yes
configure:16833: checking for off_t
configure:16833: /home/danale/Android/android-ndk-r15c/toolchains/aarch64-linux-android-4.9/prebuilt/linux-x86_64/bin/aarch64-linux-android-gcc --sysroot=/home/danale/Android/android-ndk-r15c/platforms/android-21/arch-arm64 -c -DANDROID -fPIC -DANDROID -fPIC conftest.c >&5
configure:16833: $? = 0
configure:16833: /home/danale/Android/android-ndk-r15c/toolchains/aarch64-linux-android-4.9/prebuilt/linux-x86_64/bin/aarch64-linux-android-gcc --sysroot=/home/danale/Android/android-ndk-r15c/platforms/android-21/arch-arm64 -c -DANDROID -fPIC -DANDROID -fPIC conftest.c >&5
conftest.c: In function 'main':
conftest.c:70:20: error: expected expression before ')' token
 if (sizeof ((off_t)))
                    ^
configure:16833: $? = 1
configure: failed program was:
| /* confdefs.h */
| #define PACKAGE_NAME "faac"
| #define PACKAGE_TARNAME "faac"
| #define PACKAGE_VERSION "1.29.9.2"
| #define PACKAGE_STRING "faac 1.29.9.2"
| #define PACKAGE_BUGREPORT "https://sourceforge.net/p/faac/bugs/"
| #define PACKAGE_URL ""
| #define PACKAGE "faac"
| #define VERSION "1.29.9.2"
| #define STDC_HEADERS 1
| #define HAVE_SYS_TYPES_H 1
| #define HAVE_SYS_STAT_H 1
| #define HAVE_STDLIB_H 1
| #define HAVE_STRING_H 1
| #define HAVE_MEMORY_H 1
| #define HAVE_STRINGS_H 1
| #define HAVE_INTTYPES_H 1
| #define HAVE_STDINT_H 1
| #define HAVE_UNISTD_H 1
| #define HAVE_DLFCN_H 1
| #define LT_OBJDIR ".libs/"
| #define HAVE_GETOPT_H 1
| #define HAVE_STRCASECMP 1
| #define STDC_HEADERS 1
| #define HAVE_STDINT_H 1
| #define HAVE_INTTYPES_H 1
| #define HAVE_FLOAT_H 1
| #define HAVE_STRCHR 1
| #define HAVE_MEMCPY 1
| #define HAVE_STRSEP 1
| #define HAVE_SYS_TIME_H 1
| #define TIME_WITH_SYS_TIME 1
| /* end confdefs.h.  */
| #include <stdio.h>
| #ifdef HAVE_SYS_TYPES_H
| # include <sys/types.h>
| #endif
| #ifdef HAVE_SYS_STAT_H
| # include <sys/stat.h>
| #endif
| #ifdef STDC_HEADERS
| # include <stdlib.h>
| # include <stddef.h>
| #else
| # ifdef HAVE_STDLIB_H
| #  include <stdlib.h>
| # endif
| #endif
| #ifdef HAVE_STRING_H
| # if !defined STDC_HEADERS && defined HAVE_MEMORY_H
| #  include <memory.h>
| # endif
| # include <string.h>
| #endif
| #ifdef HAVE_STRINGS_H
| # include <strings.h>
| #endif
| #ifdef HAVE_INTTYPES_H
| # include <inttypes.h>
| #endif
| #ifdef HAVE_STDINT_H
| # include <stdint.h>
| #endif
| #ifdef HAVE_UNISTD_H
| # include <unistd.h>
| #endif
| int
| main ()
| {
| if (sizeof ((off_t)))
| 	    return 0;
|   ;
|   return 0;
| }
configure:16833: result: yes
configure:16844: checking for in_port_t
configure:16844: /home/danale/Android/android-ndk-r15c/toolchains/aarch64-linux-android-4.9/prebuilt/linux-x86_64/bin/aarch64-linux-android-gcc --sysroot=/home/danale/Android/android-ndk-r15c/platforms/android-21/arch-arm64 -c -DANDROID -fPIC -DANDROID -fPIC conftest.c >&5
conftest.c: In function 'main':
conftest.c:41:13: error: 'in_port_t' undeclared (first use in this function)
 if (sizeof (in_port_t))
             ^
conftest.c:41:13: note: each undeclared identifier is reported only once for each function it appears in
configure:16844: $? = 1
configure: failed program was:
| /* confdefs.h */
| #define PACKAGE_NAME "faac"
| #define PACKAGE_TARNAME "faac"
| #define PACKAGE_VERSION "1.29.9.2"
| #define PACKAGE_STRING "faac 1.29.9.2"
| #define PACKAGE_BUGREPORT "https://sourceforge.net/p/faac/bugs/"
| #define PACKAGE_URL ""
| #define PACKAGE "faac"
| #define VERSION "1.29.9.2"
| #define STDC_HEADERS 1
| #define HAVE_SYS_TYPES_H 1
| #define HAVE_SYS_STAT_H 1
| #define HAVE_STDLIB_H 1
| #define HAVE_STRING_H 1
| #define HAVE_MEMORY_H 1
| #define HAVE_STRINGS_H 1
| #define HAVE_INTTYPES_H 1
| #define HAVE_STDINT_H 1
| #define HAVE_UNISTD_H 1
| #define HAVE_DLFCN_H 1
| #define LT_OBJDIR ".libs/"
| #define HAVE_GETOPT_H 1
| #define HAVE_STRCASECMP 1
| #define STDC_HEADERS 1
| #define HAVE_STDINT_H 1
| #define HAVE_INTTYPES_H 1
| #define HAVE_FLOAT_H 1
| #define HAVE_STRCHR 1
| #define HAVE_MEMCPY 1
| #define HAVE_STRSEP 1
| #define HAVE_SYS_TIME_H 1
| #define TIME_WITH_SYS_TIME 1
| /* end confdefs.h.  */
| #include <sys/types.h>
| 	 #include <sys/socket.h>
| 	 #include <netinet/in.h>
| 
| int
| main ()
| {
| if (sizeof (in_port_t))
| 	 return 0;
|   ;
|   return 0;
| }
configure:16844: result: no
configure:16856: checking for socklen_t
configure:16856: /home/danale/Android/android-ndk-r15c/toolchains/aarch64-linux-android-4.9/prebuilt/linux-x86_64/bin/aarch64-linux-android-gcc --sysroot=/home/danale/Android/android-ndk-r15c/platforms/android-21/arch-arm64 -c -DANDROID -fPIC -DANDROID -fPIC conftest.c >&5
configure:16856: $? = 0
configure:16856: /home/danale/Android/android-ndk-r15c/toolchains/aarch64-linux-android-4.9/prebuilt/linux-x86_64/bin/aarch64-linux-android-gcc --sysroot=/home/danale/Android/android-ndk-r15c/platforms/android-21/arch-arm64 -c -DANDROID -fPIC -DANDROID -fPIC conftest.c >&5
conftest.c: In function 'main':
conftest.c:41:24: error: expected expression before ')' token
 if (sizeof ((socklen_t)))
                        ^
configure:16856: $? = 1
configure: failed program was:
| /* confdefs.h */
| #define PACKAGE_NAME "faac"
| #define PACKAGE_TARNAME "faac"
| #define PACKAGE_VERSION "1.29.9.2"
| #define PACKAGE_STRING "faac 1.29.9.2"
| #define PACKAGE_BUGREPORT "https://sourceforge.net/p/faac/bugs/"
| #define PACKAGE_URL ""
| #define PACKAGE "faac"
| #define VERSION "1.29.9.2"
| #define STDC_HEADERS 1
| #define HAVE_SYS_TYPES_H 1
| #define HAVE_SYS_STAT_H 1
| #define HAVE_STDLIB_H 1
| #define HAVE_STRING_H 1
| #define HAVE_MEMORY_H 1
| #define HAVE_STRINGS_H 1
| #define HAVE_INTTYPES_H 1
| #define HAVE_STDINT_H 1
| #define HAVE_UNISTD_H 1
| #define HAVE_DLFCN_H 1
| #define LT_OBJDIR ".libs/"
| #define HAVE_GETOPT_H 1
| #define HAVE_STRCASECMP 1
| #define STDC_HEADERS 1
| #define HAVE_STDINT_H 1
| #define HAVE_INTTYPES_H 1
| #define HAVE_FLOAT_H 1
| #define HAVE_STRCHR 1
| #define HAVE_MEMCPY 1
| #define HAVE_STRSEP 1
| #define HAVE_SYS_TIME_H 1
| #define TIME_WITH_SYS_TIME 1
| /* end confdefs.h.  */
| #include <sys/types.h>
| 	 #include <sys/socket.h>
| 	 #include <netinet/in.h>
| 
| int
| main ()
| {
| if (sizeof ((socklen_t)))
| 	    return 0;
|   ;
|   return 0;
| }
configure:16856: result: yes
configure:16869: checking for fpos_t.__pos
configure:16869: /home/danale/Android/android-ndk-r15c/toolchains/aarch64-linux-android-4.9/prebuilt/linux-x86_64/bin/aarch64-linux-android-gcc --sysroot=/home/danale/Android/android-ndk-r15c/platforms/android-21/arch-arm64 -c -DANDROID -fPIC -DANDROID -fPIC conftest.c >&5
conftest.c: In function 'main':
conftest.c:41:12: error: request for member '__pos' in something not a structure or union
 if (ac_aggr.__pos)
            ^
configure:16869: $? = 1
configure: failed program was:
| /* confdefs.h */
| #define PACKAGE_NAME "faac"
| #define PACKAGE_TARNAME "faac"
| #define PACKAGE_VERSION "1.29.9.2"
| #define PACKAGE_STRING "faac 1.29.9.2"
| #define PACKAGE_BUGREPORT "https://sourceforge.net/p/faac/bugs/"
| #define PACKAGE_URL ""
| #define PACKAGE "faac"
| #define VERSION "1.29.9.2"
| #define STDC_HEADERS 1
| #define HAVE_SYS_TYPES_H 1
| #define HAVE_SYS_STAT_H 1
| #define HAVE_STDLIB_H 1
| #define HAVE_STRING_H 1
| #define HAVE_MEMORY_H 1
| #define HAVE_STRINGS_H 1
| #define HAVE_INTTYPES_H 1
| #define HAVE_STDINT_H 1
| #define HAVE_UNISTD_H 1
| #define HAVE_DLFCN_H 1
| #define LT_OBJDIR ".libs/"
| #define HAVE_GETOPT_H 1
| #define HAVE_STRCASECMP 1
| #define STDC_HEADERS 1
| #define HAVE_STDINT_H 1
| #define HAVE_INTTYPES_H 1
| #define HAVE_FLOAT_H 1
| #define HAVE_STRCHR 1
| #define HAVE_MEMCPY 1
| #define HAVE_STRSEP 1
| #define HAVE_SYS_TIME_H 1
| #define TIME_WITH_SYS_TIME 1
| #define HAVE_SOCKLEN_T 1
| /* end confdefs.h.  */
| #include <stdio.h>
| 
| int
| main ()
| {
| static fpos_t ac_aggr;
| if (ac_aggr.__pos)
| return 0;
|   ;
|   return 0;
| }
configure:16869: /home/danale/Android/android-ndk-r15c/toolchains/aarch64-linux-android-4.9/prebuilt/linux-x86_64/bin/aarch64-linux-android-gcc --sysroot=/home/danale/Android/android-ndk-r15c/platforms/android-21/arch-arm64 -c -DANDROID -fPIC -DANDROID -fPIC conftest.c >&5
conftest.c: In function 'main':
conftest.c:41:19: error: request for member '__pos' in something not a structure or union
 if (sizeof ac_aggr.__pos)
                   ^
configure:16869: $? = 1
configure: failed program was:
| /* confdefs.h */
| #define PACKAGE_NAME "faac"
| #define PACKAGE_TARNAME "faac"
| #define PACKAGE_VERSION "1.29.9.2"
| #define PACKAGE_STRING "faac 1.29.9.2"
| #define PACKAGE_BUGREPORT "https://sourceforge.net/p/faac/bugs/"
| #define PACKAGE_URL ""
| #define PACKAGE "faac"
| #define VERSION "1.29.9.2"
| #define STDC_HEADERS 1
| #define HAVE_SYS_TYPES_H 1
| #define HAVE_SYS_STAT_H 1
| #define HAVE_STDLIB_H 1
| #define HAVE_STRING_H 1
| #define HAVE_MEMORY_H 1
| #define HAVE_STRINGS_H 1
| #define HAVE_INTTYPES_H 1
| #define HAVE_STDINT_H 1
| #define HAVE_UNISTD_H 1
| #define HAVE_DLFCN_H 1
| #define LT_OBJDIR ".libs/"
| #define HAVE_GETOPT_H 1
| #define HAVE_STRCASECMP 1
| #define STDC_HEADERS 1
| #define HAVE_STDINT_H 1
| #define HAVE_INTTYPES_H 1
| #define HAVE_FLOAT_H 1
| #define HAVE_STRCHR 1
| #define HAVE_MEMCPY 1
| #define HAVE_STRSEP 1
| #define HAVE_SYS_TIME_H 1
| #define TIME_WITH_SYS_TIME 1
| #define HAVE_SOCKLEN_T 1
| /* end confdefs.h.  */
| #include <stdio.h>
| 
| int
| main ()
| {
| static fpos_t ac_aggr;
| if (sizeof ac_aggr.__pos)
| return 0;
|   ;
|   return 0;
| }
configure:16869: result: no
configure:16991: checking that generated files are newer than configure
configure:16997: result: done
configure:17041: creating ./config.status

## ---------------------- ##
## Running config.status. ##
## ---------------------- ##

This file was extended by faac config.status 1.29.9.2, which was
generated by GNU Autoconf 2.69.  Invocation command line was

  CONFIG_FILES    = 
  CONFIG_HEADERS  = 
  CONFIG_LINKS    = 
  CONFIG_COMMANDS = 
  $ ./config.status 

on danale-pc

config.status:1174: creating common/Makefile
config.status:1174: creating libfaac/Makefile
config.status:1174: creating frontend/Makefile
config.status:1174: creating include/Makefile
config.status:1174: creating Makefile
config.status:1174: creating config.h
config.status:1355: config.h is unchanged
config.status:1403: executing depfiles commands
config.status:1403: executing libtool commands

## ---------------- ##
## Cache variables. ##
## ---------------- ##

ac_cv_build=x86_64-pc-linux-gnu
ac_cv_c_bigendian=no
ac_cv_c_compiler_gnu=yes
ac_cv_cxx_compiler_gnu=yes
ac_cv_env_CCC_set=
ac_cv_env_CCC_value=
ac_cv_env_CC_set=set
ac_cv_env_CC_value='/home/danale/Android/android-ndk-r15c/toolchains/aarch64-linux-android-4.9/prebuilt/linux-x86_64/bin/aarch64-linux-android-gcc --sysroot=/home/danale/Android/android-ndk-r15c/platforms/android-21/arch-arm64'
ac_cv_env_CFLAGS_set=set
ac_cv_env_CFLAGS_value='-DANDROID -fPIC'
ac_cv_env_CPPFLAGS_set=set
ac_cv_env_CPPFLAGS_value='-DANDROID -fPIC'
ac_cv_env_CPP_set=
ac_cv_env_CPP_value=
ac_cv_env_CXXCPP_set=
ac_cv_env_CXXCPP_value=
ac_cv_env_CXXFLAGS_set=set
ac_cv_env_CXXFLAGS_value='-DANDROID -fPIC'
ac_cv_env_CXX_set=set
ac_cv_env_CXX_value='/home/danale/Android/android-ndk-r15c/toolchains/aarch64-linux-android-4.9/prebuilt/linux-x86_64/bin/aarch64-linux-android-g++ --sysroot=/home/danale/Android/android-ndk-r15c/platforms/android-21/arch-arm64'
ac_cv_env_LDFLAGS_set=set
ac_cv_env_LDFLAGS_value=
ac_cv_env_LIBS_set=
ac_cv_env_LIBS_value=
ac_cv_env_LT_SYS_LIBRARY_PATH_set=
ac_cv_env_LT_SYS_LIBRARY_PATH_value=
ac_cv_env_build_alias_set=
ac_cv_env_build_alias_value=
ac_cv_env_host_alias_set=set
ac_cv_env_host_alias_value=aarch64-linux
ac_cv_env_target_alias_set=set
ac_cv_env_target_alias_value=aarch64-linux
ac_cv_have_decl_memcpy=yes
ac_cv_have_decl_strcasecmp=yes
ac_cv_have_decl_strchr=yes
ac_cv_have_decl_strsep=yes
ac_cv_header_dlfcn_h=yes
ac_cv_header_float_h=yes
ac_cv_header_getopt_h=yes
ac_cv_header_immintrin_h=no
ac_cv_header_inttypes_h=yes
ac_cv_header_mathf_h=no
ac_cv_header_memory_h=yes
ac_cv_header_stdc=yes
ac_cv_header_stdint_h=yes
ac_cv_header_stdlib_h=yes
ac_cv_header_string_h=yes
ac_cv_header_strings_h=yes
ac_cv_header_sys_stat_h=yes
ac_cv_header_sys_time_h=yes
ac_cv_header_sys_types_h=yes
ac_cv_header_time=yes
ac_cv_header_unistd_h=yes
ac_cv_host=aarch64-unknown-linux-gnu
ac_cv_lib_gnugetopt_getopt_long=no
ac_cv_member_fpos_t___pos=no
ac_cv_objext=o
ac_cv_path_EGREP='/bin/grep -E'
ac_cv_path_FGREP='/bin/grep -F'
ac_cv_path_GREP=/bin/grep
ac_cv_path_SED=/bin/sed
ac_cv_path_install='/usr/bin/install -c'
ac_cv_path_lt_DD=/bin/dd
ac_cv_path_mkdir=/bin/mkdir
ac_cv_prog_AR=/home/danale/Android/android-ndk-r15c/toolchains/aarch64-linux-android-4.9/prebuilt/linux-x86_64/bin/aarch64-linux-android-ar
ac_cv_prog_AWK=mawk
ac_cv_prog_CC='/home/danale/Android/android-ndk-r15c/toolchains/aarch64-linux-android-4.9/prebuilt/linux-x86_64/bin/aarch64-linux-android-gcc --sysroot=/home/danale/Android/android-ndk-r15c/platforms/android-21/arch-arm64'
ac_cv_prog_CPP='/home/danale/Android/android-ndk-r15c/toolchains/aarch64-linux-android-4.9/prebuilt/linux-x86_64/bin/aarch64-linux-android-gcc --sysroot=/home/danale/Android/android-ndk-r15c/platforms/android-21/arch-arm64 -E'
ac_cv_prog_CXXCPP='/home/danale/Android/android-ndk-r15c/toolchains/aarch64-linux-android-4.9/prebuilt/linux-x86_64/bin/aarch64-linux-android-g++ --sysroot=/home/danale/Android/android-ndk-r15c/platforms/android-21/arch-arm64 -E'
ac_cv_prog_RANLIB=/home/danale/Android/android-ndk-r15c/toolchains/aarch64-linux-android-4.9/prebuilt/linux-x86_64/bin/aarch64-linux-android-ranlib
ac_cv_prog_STRIP=/home/danale/Android/android-ndk-r15c/toolchains/aarch64-linux-android-4.9/prebuilt/linux-x86_64/bin/aarch64-linux-android-strip
ac_cv_prog_ac_ct_MANIFEST_TOOL=mt
ac_cv_prog_ac_ct_OBJDUMP=objdump
ac_cv_prog_cc_c89=
ac_cv_prog_cc_g=yes
ac_cv_prog_cxx_g=yes
ac_cv_prog_make_make_set=yes
ac_cv_sys_file_offset_bits=no
ac_cv_sys_largefile_CC=no
ac_cv_type_in_port_t=no
ac_cv_type_off_t=yes
ac_cv_type_socklen_t=yes
am_cv_CC_dependencies_compiler_type=gcc3
am_cv_CXX_dependencies_compiler_type=gcc3
am_cv_make_support_nested_variables=yes
am_cv_prog_cc_c_o=yes
lt_cv_ar_at_file=@
lt_cv_archive_cmds_need_lc=no
lt_cv_deplibs_check_method=pass_all
lt_cv_file_magic_cmd='$MAGIC_CMD'
lt_cv_file_magic_test_file=
lt_cv_ld_reload_flag=-r
lt_cv_nm_interface='BSD nm'
lt_cv_objdir=.libs
lt_cv_path_LD=/home/danale/Android/android-ndk-r15c/toolchains/aarch64-linux-android-4.9/prebuilt/linux-x86_64/aarch64-linux-android/bin/ld
lt_cv_path_LDCXX=/home/danale/Android/android-ndk-r15c/toolchains/aarch64-linux-android-4.9/prebuilt/linux-x86_64/aarch64-linux-android/bin/ld
lt_cv_path_NM=/home/danale/Android/android-ndk-r15c/toolchains/aarch64-linux-android-4.9/prebuilt/linux-x86_64/bin/aarch64-linux-android-nm
lt_cv_path_mainfest_tool=no
lt_cv_prog_compiler_c_o=yes
lt_cv_prog_compiler_c_o_CXX=yes
lt_cv_prog_compiler_pic='-fPIC -DPIC'
lt_cv_prog_compiler_pic_CXX='-fPIC -DPIC'
lt_cv_prog_compiler_pic_works=yes
lt_cv_prog_compiler_pic_works_CXX=yes
lt_cv_prog_compiler_rtti_exceptions=no
lt_cv_prog_compiler_static_works=yes
lt_cv_prog_compiler_static_works_CXX=yes
lt_cv_prog_gnu_ld=yes
lt_cv_prog_gnu_ldcxx=yes
lt_cv_sharedlib_from_linklib_cmd='printf %s\n'
lt_cv_shlibpath_overrides_runpath=no
lt_cv_sys_global_symbol_pipe='sed -n -e '\''s/^.*[	 ]\([ABCDGIRSTW][ABCDGIRSTW]*\)[	 ][	 ]*\([_A-Za-z][_A-Za-z0-9]*\)$/\1 \2 \2/p'\'' | sed '\''/ __gnu_lto/d'\'''
lt_cv_sys_global_symbol_to_c_name_address='sed -n -e '\''s/^: \(.*\) .*$/  {"\1", (void *) 0},/p'\'' -e '\''s/^[ABCDGIRSTW][ABCDGIRSTW]* .* \(.*\)$/  {"\1", (void *) \&\1},/p'\'''
lt_cv_sys_global_symbol_to_c_name_address_lib_prefix='sed -n -e '\''s/^: \(.*\) .*$/  {"\1", (void *) 0},/p'\'' -e '\''s/^[ABCDGIRSTW][ABCDGIRSTW]* .* \(lib.*\)$/  {"\1", (void *) \&\1},/p'\'' -e '\''s/^[ABCDGIRSTW][ABCDGIRSTW]* .* \(.*\)$/  {"lib\1", (void *) \&\1},/p'\'''
lt_cv_sys_global_symbol_to_cdecl='sed -n -e '\''s/^T .* \(.*\)$/extern int \1();/p'\'' -e '\''s/^[ABCDGIRSTW][ABCDGIRSTW]* .* \(.*\)$/extern char \1;/p'\'''
lt_cv_sys_global_symbol_to_import=
lt_cv_sys_max_cmd_len=1572864
lt_cv_to_host_file_cmd=func_convert_file_noop
lt_cv_to_tool_file_cmd=func_convert_file_noop
lt_cv_truncate_bin='/bin/dd bs=4096 count=1'

## ----------------- ##
## Output variables. ##
## ----------------- ##

ACLOCAL='${SHELL} /home/danale/lgw/Work/Decode-lib/ffmpeg_x264_faac_and_faad/faac/faac-1.29.9.2/missing aclocal-1.15'
AMDEPBACKSLASH='\'
AMDEP_FALSE='#'
AMDEP_TRUE=''
AMTAR='$${TAR-tar}'
AM_BACKSLASH='\'
AM_DEFAULT_V='$(AM_DEFAULT_VERBOSITY)'
AM_DEFAULT_VERBOSITY='1'
AM_V='$(V)'
AR='/home/danale/Android/android-ndk-r15c/toolchains/aarch64-linux-android-4.9/prebuilt/linux-x86_64/bin/aarch64-linux-android-ar'
AUTOCONF='${SHELL} /home/danale/lgw/Work/Decode-lib/ffmpeg_x264_faac_and_faad/faac/faac-1.29.9.2/missing autoconf'
AUTOHEADER='${SHELL} /home/danale/lgw/Work/Decode-lib/ffmpeg_x264_faac_and_faad/faac/faac-1.29.9.2/missing autoheader'
AUTOMAKE='${SHELL} /home/danale/lgw/Work/Decode-lib/ffmpeg_x264_faac_and_faad/faac/faac-1.29.9.2/missing automake-1.15'
AWK='mawk'
CC='/home/danale/Android/android-ndk-r15c/toolchains/aarch64-linux-android-4.9/prebuilt/linux-x86_64/bin/aarch64-linux-android-gcc --sysroot=/home/danale/Android/android-ndk-r15c/platforms/android-21/arch-arm64'
CCDEPMODE='depmode=gcc3'
CFLAGS='-DANDROID -fPIC'
CPP='/home/danale/Android/android-ndk-r15c/toolchains/aarch64-linux-android-4.9/prebuilt/linux-x86_64/bin/aarch64-linux-android-gcc --sysroot=/home/danale/Android/android-ndk-r15c/platforms/android-21/arch-arm64 -E'
CPPFLAGS='-DANDROID -fPIC'
CPUSSE_FALSE=''
CPUSSE_TRUE='#'
CXX='/home/danale/Android/android-ndk-r15c/toolchains/aarch64-linux-android-4.9/prebuilt/linux-x86_64/bin/aarch64-linux-android-g++ --sysroot=/home/danale/Android/android-ndk-r15c/platforms/android-21/arch-arm64'
CXXCPP='/home/danale/Android/android-ndk-r15c/toolchains/aarch64-linux-android-4.9/prebuilt/linux-x86_64/bin/aarch64-linux-android-g++ --sysroot=/home/danale/Android/android-ndk-r15c/platforms/android-21/arch-arm64 -E'
CXXDEPMODE='depmode=gcc3'
CXXFLAGS='-DANDROID -fPIC'
CYGPATH_W='echo'
DEFS='-DHAVE_CONFIG_H'
DEPDIR='.deps'
DLLTOOL='false'
DSYMUTIL=''
DUMPBIN=''
ECHO_C=''
ECHO_N='-n'
ECHO_T=''
EGREP='/bin/grep -E'
EXEEXT=''
FGREP='/bin/grep -F'
GREP='/bin/grep'
INSTALL_DATA='${INSTALL} -m 644'
INSTALL_PROGRAM='${INSTALL}'
INSTALL_SCRIPT='${INSTALL}'
INSTALL_STRIP_PROGRAM='$(install_sh) -c -s'
LD='/home/danale/Android/android-ndk-r15c/toolchains/aarch64-linux-android-4.9/prebuilt/linux-x86_64/aarch64-linux-android/bin/ld'
LDFLAGS=''
LIBOBJS=''
LIBS=''
LIBTOOL='$(SHELL) $(top_builddir)/libtool'
LIPO=''
LN_S='ln -s'
LTLIBOBJS=''
LT_SYS_LIBRARY_PATH=''
MAKEINFO='${SHELL} /home/danale/lgw/Work/Decode-lib/ffmpeg_x264_faac_and_faad/faac/faac-1.29.9.2/missing makeinfo'
MANIFEST_TOOL=':'
MINGW_FALSE=''
MINGW_TRUE='#'
MKDIR_P='/bin/mkdir -p'
NM='/home/danale/Android/android-ndk-r15c/toolchains/aarch64-linux-android-4.9/prebuilt/linux-x86_64/bin/aarch64-linux-android-nm'
NMEDIT=''
OBJDUMP='objdump'
OBJEXT='o'
OTOOL64=''
OTOOL=''
PACKAGE='faac'
PACKAGE_BUGREPORT='https://sourceforge.net/p/faac/bugs/'
PACKAGE_NAME='faac'
PACKAGE_STRING='faac 1.29.9.2'
PACKAGE_TARNAME='faac'
PACKAGE_URL=''
PACKAGE_VERSION='1.29.9.2'
PATH_SEPARATOR=':'
RANLIB='/home/danale/Android/android-ndk-r15c/toolchains/aarch64-linux-android-4.9/prebuilt/linux-x86_64/bin/aarch64-linux-android-ranlib'
SED='/bin/sed'
SET_MAKE=''
SHELL='/bin/bash'
STRIP='/home/danale/Android/android-ndk-r15c/toolchains/aarch64-linux-android-4.9/prebuilt/linux-x86_64/bin/aarch64-linux-android-strip'
USE_DRM_FALSE=''
USE_DRM_TRUE='#'
VERSION='1.29.9.2'
WINDRES=''
ac_ct_AR=''
ac_ct_CC=''
ac_ct_CXX=''
ac_ct_DUMPBIN=''
am__EXEEXT_FALSE=''
am__EXEEXT_TRUE='#'
am__fastdepCC_FALSE='#'
am__fastdepCC_TRUE=''
am__fastdepCXX_FALSE='#'
am__fastdepCXX_TRUE=''
am__include='include'
am__isrc=''
am__leading_dot='.'
am__nodep='_no'
am__quote=''
am__tar='$${TAR-tar} chof - "$$tardir"'
am__untar='$${TAR-tar} xf -'
bindir='${exec_prefix}/bin'
build='x86_64-pc-linux-gnu'
build_alias=''
build_cpu='x86_64'
build_os='linux-gnu'
build_vendor='pc'
datadir='${datarootdir}'
datarootdir='${prefix}/share'
docdir='${datarootdir}/doc/${PACKAGE_TARNAME}'
dvidir='${docdir}'
exec_prefix='${prefix}'
host='aarch64-unknown-linux-gnu'
host_alias='aarch64-linux'
host_cpu='aarch64'
host_os='linux-gnu'
host_vendor='unknown'
htmldir='${docdir}'
includedir='${prefix}/include'
infodir='${datarootdir}/info'
install_sh='${SHELL} /home/danale/lgw/Work/Decode-lib/ffmpeg_x264_faac_and_faad/faac/faac-1.29.9.2/install-sh'
libdir='${exec_prefix}/lib'
libexecdir='${exec_prefix}/libexec'
localedir='${datarootdir}/locale'
localstatedir='${prefix}/var'
mandir='${datarootdir}/man'
mkdir_p='$(MKDIR_P)'
oldincludedir='/usr/include'
pdfdir='${docdir}'
prefix='/home/danale/lgw/Work/Decode-lib/ffmpeg_x264_faac_and_faad/faac/faac-1.29.9.2/arm64_v8a'
program_transform_name='s,x,x,'
psdir='${docdir}'
runstatedir='${localstatedir}/run'
sbindir='${exec_prefix}/sbin'
sharedstatedir='${prefix}/com'
sysconfdir='${prefix}/etc'
target_alias='aarch64-linux'

## ----------- ##
## confdefs.h. ##
## ----------- ##

/* confdefs.h */
#define PACKAGE_NAME "faac"
#define PACKAGE_TARNAME "faac"
#define PACKAGE_VERSION "1.29.9.2"
#define PACKAGE_STRING "faac 1.29.9.2"
#define PACKAGE_BUGREPORT "https://sourceforge.net/p/faac/bugs/"
#define PACKAGE_URL ""
#define PACKAGE "faac"
#define VERSION "1.29.9.2"
#define STDC_HEADERS 1
#define HAVE_SYS_TYPES_H 1
#define HAVE_SYS_STAT_H 1
#define HAVE_STDLIB_H 1
#define HAVE_STRING_H 1
#define HAVE_MEMORY_H 1
#define HAVE_STRINGS_H 1
#define HAVE_INTTYPES_H 1
#define HAVE_STDINT_H 1
#define HAVE_UNISTD_H 1
#define HAVE_DLFCN_H 1
#define LT_OBJDIR ".libs/"
#define HAVE_GETOPT_H 1
#define HAVE_STRCASECMP 1
#define STDC_HEADERS 1
#define HAVE_STDINT_H 1
#define HAVE_INTTYPES_H 1
#define HAVE_FLOAT_H 1
#define HAVE_STRCHR 1
#define HAVE_MEMCPY 1
#define HAVE_STRSEP 1
#define HAVE_SYS_TIME_H 1
#define TIME_WITH_SYS_TIME 1
#define HAVE_SOCKLEN_T 1

configure: exit 0
